{
  "stats": {
    "suites": 2,
    "tests": 6,
    "passes": 5,
    "pending": 1,
    "failures": 0,
    "testsRegistered": 6,
    "passPercent": 83.33333333333333,
    "pendingPercent": 16.666666666666668,
    "other": 0,
    "hasOther": false,
    "skipped": 0,
    "hasSkipped": false,
    "start": "2024-01-21T18:00:20.401Z",
    "end": "2024-01-21T18:00:29.932Z",
    "duration": 9531
  },
  "results": [
    {
      "uuid": "09c7b614-223f-49b5-be10-0a253b3ffdc7",
      "title": "",
      "fullFile": "cypress/e2e/mvp-release/OTM_001_Login.spec.cy.js",
      "file": "cypress/e2e/mvp-release/OTM_001_Login.spec.cy.js",
      "beforeHooks": [],
      "afterHooks": [],
      "tests": [],
      "suites": [
        {
          "uuid": "27c4798a-32a3-4159-bf4b-f3dab8d3b6af",
          "title": "Authentication Checks",
          "fullFile": "",
          "file": "",
          "beforeHooks": [],
          "afterHooks": [],
          "tests": [
            {
              "title": "Valid Login",
              "fullTitle": "Authentication Checks Valid Login",
              "timedOut": null,
              "duration": 2732,
              "state": "passed",
              "speed": "fast",
              "pass": true,
              "fail": false,
              "pending": false,
              "context": null,
              "code": "cy.firebaseLogin();\n// Logout\ncy.logout();",
              "err": {},
              "uuid": "62804a1b-898e-4d6a-8e90-74fcdac074a3",
              "parentUUID": "27c4798a-32a3-4159-bf4b-f3dab8d3b6af",
              "isHook": false,
              "skipped": false
            },
            {
              "title": "Test invalid password",
              "fullTitle": "Authentication Checks Test invalid password",
              "timedOut": null,
              "duration": 0,
              "state": "pending",
              "speed": null,
              "pass": false,
              "fail": false,
              "pending": true,
              "context": null,
              "code": "cy.visit(\"/\");\ncy.getDataCy('login-email').type(\"admin@otm.com\");\ncy.getDataCy('login-password').type(\"invalidpassword\");\ncy.getDataCy('login-button').click();\ncy.contains(\"wrong-password\");",
              "err": {},
              "uuid": "d474611a-d09b-4c13-a5f8-454413c139a2",
              "parentUUID": "27c4798a-32a3-4159-bf4b-f3dab8d3b6af",
              "isHook": false,
              "skipped": false
            },
            {
              "title": "Test invalid username",
              "fullTitle": "Authentication Checks Test invalid username",
              "timedOut": null,
              "duration": 968,
              "state": "passed",
              "speed": "fast",
              "pass": true,
              "fail": false,
              "pending": false,
              "context": null,
              "code": "cy.visit(\"/\");\ncy.getDataCy('login-email').type(\"admin@ota.com\");\ncy.getDataCy('login-password').type(\"invalidpassword\");\ncy.getDataCy('login-button').click();\ncy.contains(\"user-not-found\");",
              "err": {},
              "uuid": "a9000a7c-482b-42c1-b010-b51f7d118add",
              "parentUUID": "27c4798a-32a3-4159-bf4b-f3dab8d3b6af",
              "isHook": false,
              "skipped": false
            }
          ],
          "suites": [],
          "passes": [
            "62804a1b-898e-4d6a-8e90-74fcdac074a3",
            "a9000a7c-482b-42c1-b010-b51f7d118add"
          ],
          "failures": [],
          "pending": [
            "d474611a-d09b-4c13-a5f8-454413c139a2"
          ],
          "skipped": [],
          "duration": 3700,
          "root": false,
          "rootEmpty": false,
          "_timeout": 2000
        }
      ],
      "passes": [],
      "failures": [],
      "pending": [],
      "skipped": [],
      "duration": 0,
      "root": true,
      "rootEmpty": true,
      "_timeout": 2000
    },
    {
      "uuid": "72c3c633-f9cc-4bf5-9511-c6e745faed7d",
      "title": "",
      "fullFile": "cypress/e2e/mvp-release/OTM_002_Scedule.spec.cy.js",
      "file": "cypress/e2e/mvp-release/OTM_002_Scedule.spec.cy.js",
      "beforeHooks": [],
      "afterHooks": [],
      "tests": [],
      "suites": [
        {
          "uuid": "865f2e4a-588e-4e32-977b-e978789ccf10",
          "title": "Schedule Page Check",
          "fullFile": "",
          "file": "",
          "beforeHooks": [],
          "afterHooks": [],
          "tests": [
            {
              "title": "Verify Schedule page loads",
              "fullTitle": "Schedule Page Check Verify Schedule page loads",
              "timedOut": null,
              "duration": 2549,
              "state": "passed",
              "speed": "fast",
              "pass": true,
              "fail": false,
              "pending": false,
              "context": null,
              "code": "cy.getDataCy('schedule-corner-cell').should(\"exist\");",
              "err": {},
              "uuid": "a0c3ffdb-6be9-4264-b0a0-4fe8403601a7",
              "parentUUID": "865f2e4a-588e-4e32-977b-e978789ccf10",
              "isHook": false,
              "skipped": false
            },
            {
              "title": "Test week forward button",
              "fullTitle": "Schedule Page Check Test week forward button",
              "timedOut": null,
              "duration": 902,
              "state": "passed",
              "speed": "fast",
              "pass": true,
              "fail": false,
              "pending": false,
              "context": null,
              "code": "cy.getDataCy('next-week-button').click();\ncy.getDataCy('schedule-corner-cell').should(\"exist\");",
              "err": {},
              "uuid": "cab21f15-3c03-49e6-8762-ab139101a84e",
              "parentUUID": "865f2e4a-588e-4e32-977b-e978789ccf10",
              "isHook": false,
              "skipped": false
            },
            {
              "title": "Test week back button",
              "fullTitle": "Schedule Page Check Test week back button",
              "timedOut": null,
              "duration": 922,
              "state": "passed",
              "speed": "fast",
              "pass": true,
              "fail": false,
              "pending": false,
              "context": null,
              "code": "cy.getDataCy('prev-week-button').click();\ncy.getDataCy('schedule-corner-cell').should(\"exist\");",
              "err": {},
              "uuid": "6c636b30-a175-47b3-a311-ef4da06750ac",
              "parentUUID": "865f2e4a-588e-4e32-977b-e978789ccf10",
              "isHook": false,
              "skipped": false
            }
          ],
          "suites": [],
          "passes": [
            "a0c3ffdb-6be9-4264-b0a0-4fe8403601a7",
            "cab21f15-3c03-49e6-8762-ab139101a84e",
            "6c636b30-a175-47b3-a311-ef4da06750ac"
          ],
          "failures": [],
          "pending": [],
          "skipped": [],
          "duration": 4373,
          "root": false,
          "rootEmpty": false,
          "_timeout": 2000
        }
      ],
      "passes": [],
      "failures": [],
      "pending": [],
      "skipped": [],
      "duration": 0,
      "root": true,
      "rootEmpty": true,
      "_timeout": 2000
    }
  ],
  "meta": {
    "mocha": {
      "version": "7.0.1"
    },
    "mochawesome": {
      "options": {
        "quiet": false,
        "reportFilename": "mochawesome",
        "saveHtml": false,
        "saveJson": true,
        "consoleReporter": "spec",
        "useInlineDiffs": false,
        "code": true
      },
      "version": "7.1.3"
    },
    "marge": {
      "options": {
        "id": "default",
        "reportDir": "./cypress/report/mochawesome-report",
        "overwrite": false,
        "html": false,
        "json": true,
        "charts": true,
        "reportTitle": "OTM Test Report",
        "inline": false
      },
      "version": "6.2.0"
    }
  }
}