{
  "stats": {
    "suites": 2,
    "tests": 6,
    "passes": 4,
    "pending": 1,
    "failures": 1,
    "testsRegistered": 6,
    "passPercent": 66.66666666666667,
    "pendingPercent": 16.666666666666668,
    "other": 0,
    "hasOther": false,
    "skipped": 0,
    "hasSkipped": false,
    "start": "2024-01-21T16:33:25.649Z",
    "end": "2024-01-21T16:33:46.650Z",
    "duration": 21001
  },
  "results": [
    {
      "uuid": "8ebd3eb2-ea1a-466c-b984-f84f59a7143a",
      "title": "",
      "fullFile": "cypress/e2e/mvp-release/OTM_001_Login.spec.cy.js",
      "file": "cypress/e2e/mvp-release/OTM_001_Login.spec.cy.js",
      "beforeHooks": [],
      "afterHooks": [],
      "tests": [],
      "suites": [
        {
          "uuid": "9727edca-31ef-4790-afe2-caa6bf806015",
          "title": "Authentication Checks",
          "fullFile": "",
          "file": "",
          "beforeHooks": [],
          "afterHooks": [],
          "tests": [
            {
              "title": "Valid Login",
              "fullTitle": "Authentication Checks Valid Login",
              "timedOut": null,
              "duration": 2500,
              "state": "passed",
              "speed": "fast",
              "pass": true,
              "fail": false,
              "pending": false,
              "context": null,
              "code": "cy.firebaseLogin();\n// Logout\ncy.logout();",
              "err": {},
              "uuid": "01396f6a-52c6-4569-a628-f554160cb685",
              "parentUUID": "9727edca-31ef-4790-afe2-caa6bf806015",
              "isHook": false,
              "skipped": false
            },
            {
              "title": "Test invalid password",
              "fullTitle": "Authentication Checks Test invalid password",
              "timedOut": null,
              "duration": 0,
              "state": "pending",
              "speed": null,
              "pass": false,
              "fail": false,
              "pending": true,
              "context": null,
              "code": "cy.visit(\"/\");\ncy.getDataCy('login-email').type(\"admin@otm.com\");\ncy.getDataCy('login-password').type(\"invalidpassword\");\ncy.getDataCy('login-button').click();\ncy.contains(\"wrong-password\");",
              "err": {},
              "uuid": "3ec0e430-d871-4134-9d0e-99373f23c5fb",
              "parentUUID": "9727edca-31ef-4790-afe2-caa6bf806015",
              "isHook": false,
              "skipped": false
            },
            {
              "title": "Test invalid username",
              "fullTitle": "Authentication Checks Test invalid username",
              "timedOut": null,
              "duration": 874,
              "state": "passed",
              "speed": "fast",
              "pass": true,
              "fail": false,
              "pending": false,
              "context": null,
              "code": "cy.visit(\"/\");\ncy.getDataCy('login-email').type(\"admin@ota.com\");\ncy.getDataCy('login-password').type(\"invalidpassword\");\ncy.getDataCy('login-button').click();\ncy.contains(\"user-not-found\");",
              "err": {},
              "uuid": "4b049f13-cc4e-454e-b594-6b8c4902d741",
              "parentUUID": "9727edca-31ef-4790-afe2-caa6bf806015",
              "isHook": false,
              "skipped": false
            }
          ],
          "suites": [],
          "passes": [
            "01396f6a-52c6-4569-a628-f554160cb685",
            "4b049f13-cc4e-454e-b594-6b8c4902d741"
          ],
          "failures": [],
          "pending": [
            "3ec0e430-d871-4134-9d0e-99373f23c5fb"
          ],
          "skipped": [],
          "duration": 3374,
          "root": false,
          "rootEmpty": false,
          "_timeout": 2000
        }
      ],
      "passes": [],
      "failures": [],
      "pending": [],
      "skipped": [],
      "duration": 0,
      "root": true,
      "rootEmpty": true,
      "_timeout": 2000
    },
    {
      "uuid": "7ca5703c-749c-4c61-881f-f5dfe7060cd5",
      "title": "",
      "fullFile": "cypress/e2e/mvp-release/OTM_002_Scedule.spec.cy.js",
      "file": "cypress/e2e/mvp-release/OTM_002_Scedule.spec.cy.js",
      "beforeHooks": [],
      "afterHooks": [],
      "tests": [],
      "suites": [
        {
          "uuid": "44c43f0c-322f-412e-9c09-a650e0920309",
          "title": "Schedule Page Check",
          "fullFile": "",
          "file": "",
          "beforeHooks": [],
          "afterHooks": [],
          "tests": [
            {
              "title": "Verify Schedule page loads",
              "fullTitle": "Schedule Page Check Verify Schedule page loads",
              "timedOut": null,
              "duration": 14495,
              "state": "failed",
              "speed": null,
              "pass": false,
              "fail": true,
              "pending": false,
              "context": "\"assets/OTM_002_Scedule.spec.cy.js/Schedule Page Check -- Verify Schedule page loads (failed).png\"",
              "code": "cy.getDataCy('schedule-corne-cell').should(\"exist\");",
              "err": {
                "message": "AssertionError: Timed out retrying after 12000ms: Expected to find element: `[data-cy=schedule-corne-cell]`, but never found it.",
                "estack": "AssertionError: Timed out retrying after 12000ms: Expected to find element: `[data-cy=schedule-corne-cell]`, but never found it.\n    at Context.eval (webpack://overtime-managment/./cypress/e2e/mvp-release/OTM_002_Scedule.spec.cy.js:9:40)",
                "diff": null
              },
              "uuid": "bac6c197-7226-4933-9526-d41608c86c58",
              "parentUUID": "44c43f0c-322f-412e-9c09-a650e0920309",
              "isHook": false,
              "skipped": false
            },
            {
              "title": "Test week forward button",
              "fullTitle": "Schedule Page Check Test week forward button",
              "timedOut": null,
              "duration": 826,
              "state": "passed",
              "speed": "fast",
              "pass": true,
              "fail": false,
              "pending": false,
              "context": null,
              "code": "cy.getDataCy('next-week-button').click();\ncy.getDataCy('schedule-corner-cell').should(\"exist\");",
              "err": {},
              "uuid": "0c7c6af4-ace6-4bf0-81ae-733b054b76d3",
              "parentUUID": "44c43f0c-322f-412e-9c09-a650e0920309",
              "isHook": false,
              "skipped": false
            },
            {
              "title": "Test week back button",
              "fullTitle": "Schedule Page Check Test week back button",
              "timedOut": null,
              "duration": 905,
              "state": "passed",
              "speed": "fast",
              "pass": true,
              "fail": false,
              "pending": false,
              "context": null,
              "code": "cy.getDataCy('prev-week-button').click();\ncy.getDataCy('schedule-corner-cell').should(\"exist\");",
              "err": {},
              "uuid": "a13fd29b-3aa1-4df9-9c43-66b93193d40b",
              "parentUUID": "44c43f0c-322f-412e-9c09-a650e0920309",
              "isHook": false,
              "skipped": false
            }
          ],
          "suites": [],
          "passes": [
            "0c7c6af4-ace6-4bf0-81ae-733b054b76d3",
            "a13fd29b-3aa1-4df9-9c43-66b93193d40b"
          ],
          "failures": [
            "bac6c197-7226-4933-9526-d41608c86c58"
          ],
          "pending": [],
          "skipped": [],
          "duration": 16226,
          "root": false,
          "rootEmpty": false,
          "_timeout": 2000
        }
      ],
      "passes": [],
      "failures": [],
      "pending": [],
      "skipped": [],
      "duration": 0,
      "root": true,
      "rootEmpty": true,
      "_timeout": 2000
    }
  ],
  "meta": {
    "mocha": {
      "version": "7.0.1"
    },
    "mochawesome": {
      "options": {
        "quiet": false,
        "reportFilename": "mochawesome",
        "saveHtml": false,
        "saveJson": true,
        "consoleReporter": "spec",
        "useInlineDiffs": false,
        "code": true
      },
      "version": "7.1.3"
    },
    "marge": {
      "options": {
        "id": "default",
        "reportDir": "./cypress/report/mochawesome-report",
        "overwrite": false,
        "html": false,
        "json": true,
        "charts": true,
        "reportTitle": "OTM Test Report",
        "inline": false
      },
      "version": "6.2.0"
    }
  }
}