{
  "stats": {
    "suites": 2,
    "tests": 6,
    "passes": 4,
    "pending": 1,
    "failures": 1,
    "testsRegistered": 6,
    "passPercent": 66.66666666666667,
    "pendingPercent": 16.666666666666668,
    "other": 0,
    "hasOther": false,
    "skipped": 0,
    "hasSkipped": false,
    "start": "2024-01-21T18:47:57.512Z",
    "end": "2024-01-21T18:48:18.864Z",
    "duration": 21352
  },
  "results": [
    {
      "uuid": "dd7a5cc4-2754-4a3c-8be4-c03a250cef1e",
      "title": "",
      "fullFile": "cypress/e2e/mvp-release/OTM_001_Login.spec.cy.js",
      "file": "cypress/e2e/mvp-release/OTM_001_Login.spec.cy.js",
      "beforeHooks": [],
      "afterHooks": [],
      "tests": [],
      "suites": [
        {
          "uuid": "2c25a47f-7024-4fcc-9604-563e5d7e1720",
          "title": "Authentication Checks",
          "fullFile": "",
          "file": "",
          "beforeHooks": [],
          "afterHooks": [],
          "tests": [
            {
              "title": "Valid Login",
              "fullTitle": "Authentication Checks Valid Login",
              "timedOut": null,
              "duration": 2655,
              "state": "passed",
              "speed": "fast",
              "pass": true,
              "fail": false,
              "pending": false,
              "context": null,
              "code": "cy.firebaseLogin();\n// Logout\ncy.logout();",
              "err": {},
              "uuid": "ca2ef51c-b20b-44ab-99c8-6a339d4856db",
              "parentUUID": "2c25a47f-7024-4fcc-9604-563e5d7e1720",
              "isHook": false,
              "skipped": false
            },
            {
              "title": "Test invalid password",
              "fullTitle": "Authentication Checks Test invalid password",
              "timedOut": null,
              "duration": 0,
              "state": "pending",
              "speed": null,
              "pass": false,
              "fail": false,
              "pending": true,
              "context": null,
              "code": "cy.visit(\"/\");\ncy.getDataCy('login-email').type(\"admin@otm.com\");\ncy.getDataCy('login-password').type(\"invalidpassword\");\ncy.getDataCy('login-button').click();\ncy.contains(\"wrong-password\");",
              "err": {},
              "uuid": "634564b2-189a-44df-870c-9956ed399471",
              "parentUUID": "2c25a47f-7024-4fcc-9604-563e5d7e1720",
              "isHook": false,
              "skipped": false
            },
            {
              "title": "Test invalid username",
              "fullTitle": "Authentication Checks Test invalid username",
              "timedOut": null,
              "duration": 837,
              "state": "passed",
              "speed": "fast",
              "pass": true,
              "fail": false,
              "pending": false,
              "context": null,
              "code": "cy.visit(\"/\");\ncy.getDataCy('login-email').type(\"admin@ota.com\");\ncy.getDataCy('login-password').type(\"invalidpassword\");\ncy.getDataCy('login-button').click();\ncy.contains(\"user-not-found\");",
              "err": {},
              "uuid": "02ff1d56-638a-4452-adc9-fde9ff87abe4",
              "parentUUID": "2c25a47f-7024-4fcc-9604-563e5d7e1720",
              "isHook": false,
              "skipped": false
            }
          ],
          "suites": [],
          "passes": [
            "ca2ef51c-b20b-44ab-99c8-6a339d4856db",
            "02ff1d56-638a-4452-adc9-fde9ff87abe4"
          ],
          "failures": [],
          "pending": [
            "634564b2-189a-44df-870c-9956ed399471"
          ],
          "skipped": [],
          "duration": 3492,
          "root": false,
          "rootEmpty": false,
          "_timeout": 2000
        }
      ],
      "passes": [],
      "failures": [],
      "pending": [],
      "skipped": [],
      "duration": 0,
      "root": true,
      "rootEmpty": true,
      "_timeout": 2000
    },
    {
      "uuid": "9e4f5be5-9b8f-4ded-bb1f-fec2500d59d5",
      "title": "",
      "fullFile": "cypress/e2e/mvp-release/OTM_002_Scedule.spec.cy.js",
      "file": "cypress/e2e/mvp-release/OTM_002_Scedule.spec.cy.js",
      "beforeHooks": [],
      "afterHooks": [],
      "tests": [],
      "suites": [
        {
          "uuid": "273c8964-1da5-4556-a57c-ed2e52fe9502",
          "title": "Schedule Page Check",
          "fullFile": "",
          "file": "",
          "beforeHooks": [],
          "afterHooks": [],
          "tests": [
            {
              "title": "Verify Schedule page loads",
              "fullTitle": "Schedule Page Check Verify Schedule page loads",
              "timedOut": null,
              "duration": 14493,
              "state": "failed",
              "speed": null,
              "pass": false,
              "fail": true,
              "pending": false,
              "context": "\"assets/OTM_002_Scedule.spec.cy.js/Schedule Page Check -- Verify Schedule page loads (failed).png\"",
              "code": "cy.getDataCy('schedule-corne-cell').should(\"exist\");",
              "err": {
                "message": "AssertionError: Timed out retrying after 12000ms: Expected to find element: `[data-cy=schedule-corne-cell]`, but never found it.",
                "estack": "AssertionError: Timed out retrying after 12000ms: Expected to find element: `[data-cy=schedule-corne-cell]`, but never found it.\n    at Context.eval (webpack://overtime-managment/./cypress/e2e/mvp-release/OTM_002_Scedule.spec.cy.js:9:40)",
                "diff": null
              },
              "uuid": "01367652-eb23-4706-87b6-3d9217d9bdbe",
              "parentUUID": "273c8964-1da5-4556-a57c-ed2e52fe9502",
              "isHook": false,
              "skipped": false
            },
            {
              "title": "Test week forward button",
              "fullTitle": "Schedule Page Check Test week forward button",
              "timedOut": null,
              "duration": 1051,
              "state": "passed",
              "speed": "fast",
              "pass": true,
              "fail": false,
              "pending": false,
              "context": null,
              "code": "cy.getDataCy('next-week-button').click();\ncy.getDataCy('schedule-corner-cell').should(\"exist\");",
              "err": {},
              "uuid": "0ccf66d9-3444-4790-a9ad-71233d0f1805",
              "parentUUID": "273c8964-1da5-4556-a57c-ed2e52fe9502",
              "isHook": false,
              "skipped": false
            },
            {
              "title": "Test week back button",
              "fullTitle": "Schedule Page Check Test week back button",
              "timedOut": null,
              "duration": 917,
              "state": "passed",
              "speed": "fast",
              "pass": true,
              "fail": false,
              "pending": false,
              "context": null,
              "code": "cy.getDataCy('prev-week-button').click();\ncy.getDataCy('schedule-corner-cell').should(\"exist\");",
              "err": {},
              "uuid": "050c240a-a390-4807-b483-4a2c1d638074",
              "parentUUID": "273c8964-1da5-4556-a57c-ed2e52fe9502",
              "isHook": false,
              "skipped": false
            }
          ],
          "suites": [],
          "passes": [
            "0ccf66d9-3444-4790-a9ad-71233d0f1805",
            "050c240a-a390-4807-b483-4a2c1d638074"
          ],
          "failures": [
            "01367652-eb23-4706-87b6-3d9217d9bdbe"
          ],
          "pending": [],
          "skipped": [],
          "duration": 16461,
          "root": false,
          "rootEmpty": false,
          "_timeout": 2000
        }
      ],
      "passes": [],
      "failures": [],
      "pending": [],
      "skipped": [],
      "duration": 0,
      "root": true,
      "rootEmpty": true,
      "_timeout": 2000
    }
  ],
  "meta": {
    "mocha": {
      "version": "7.0.1"
    },
    "mochawesome": {
      "options": {
        "quiet": false,
        "reportFilename": "mochawesome",
        "saveHtml": false,
        "saveJson": true,
        "consoleReporter": "spec",
        "useInlineDiffs": false,
        "code": true
      },
      "version": "7.1.3"
    },
    "marge": {
      "options": {
        "id": "default",
        "reportDir": "./cypress/report/mochawesome-report",
        "overwrite": false,
        "html": false,
        "json": true,
        "charts": true,
        "reportTitle": "OTM Test Report",
        "inline": false
      },
      "version": "6.2.0"
    }
  }
}