{
  "stats": {
    "suites": 3,
    "tests": 9,
    "passes": 8,
    "pending": 1,
    "failures": 0,
    "testsRegistered": 9,
    "passPercent": 88.88888888888889,
    "pendingPercent": 11.11111111111111,
    "other": 0,
    "hasOther": false,
    "skipped": 0,
    "hasSkipped": false,
    "start": "2024-01-25T03:29:53.964Z",
    "end": "2024-01-25T03:30:15.382Z",
    "duration": 21418
  },
  "results": [
    {
      "uuid": "50332ca5-899c-431e-b7d2-7b5b66480ac0",
      "title": "",
      "fullFile": "cypress/e2e/mvp-release/OTM_001_Login.spec.cy.js",
      "file": "cypress/e2e/mvp-release/OTM_001_Login.spec.cy.js",
      "beforeHooks": [],
      "afterHooks": [],
      "tests": [],
      "suites": [
        {
          "uuid": "a0ce27ee-2fa4-4ee5-b607-ad0fdabed7f2",
          "title": "Authentication Checks",
          "fullFile": "",
          "file": "",
          "beforeHooks": [],
          "afterHooks": [],
          "tests": [
            {
              "title": "Valid Login",
              "fullTitle": "Authentication Checks Valid Login",
              "timedOut": null,
              "duration": 2710,
              "state": "passed",
              "speed": "fast",
              "pass": true,
              "fail": false,
              "pending": false,
              "context": null,
              "code": "cy.firebaseLogin();\n// Logout\ncy.logout();",
              "err": {},
              "uuid": "441e7532-c8c9-4908-8f51-c77036b76749",
              "parentUUID": "a0ce27ee-2fa4-4ee5-b607-ad0fdabed7f2",
              "isHook": false,
              "skipped": false
            },
            {
              "title": "Test invalid password",
              "fullTitle": "Authentication Checks Test invalid password",
              "timedOut": null,
              "duration": 0,
              "state": "pending",
              "speed": null,
              "pass": false,
              "fail": false,
              "pending": true,
              "context": null,
              "code": "cy.visit(\"/\");\ncy.getDataCy('login-email').type(\"admin@otm.com\");\ncy.getDataCy('login-password').type(\"invalidpassword\");\ncy.getDataCy('login-button').click();\ncy.contains(\"wrong-password\");",
              "err": {},
              "uuid": "6ceaafb9-88c9-4b23-ac45-7501d187b717",
              "parentUUID": "a0ce27ee-2fa4-4ee5-b607-ad0fdabed7f2",
              "isHook": false,
              "skipped": false
            },
            {
              "title": "Test invalid username",
              "fullTitle": "Authentication Checks Test invalid username",
              "timedOut": null,
              "duration": 839,
              "state": "passed",
              "speed": "fast",
              "pass": true,
              "fail": false,
              "pending": false,
              "context": null,
              "code": "cy.visit(\"/\");\ncy.getDataCy('login-email').type(\"admin@ota.com\");\ncy.getDataCy('login-password').type(\"invalidpassword\");\ncy.getDataCy('login-button').click();\ncy.contains(\"user-not-found\");",
              "err": {},
              "uuid": "ace1c948-ee9e-487c-b56d-3e8edee619a5",
              "parentUUID": "a0ce27ee-2fa4-4ee5-b607-ad0fdabed7f2",
              "isHook": false,
              "skipped": false
            }
          ],
          "suites": [],
          "passes": [
            "441e7532-c8c9-4908-8f51-c77036b76749",
            "ace1c948-ee9e-487c-b56d-3e8edee619a5"
          ],
          "failures": [],
          "pending": [
            "6ceaafb9-88c9-4b23-ac45-7501d187b717"
          ],
          "skipped": [],
          "duration": 3549,
          "root": false,
          "rootEmpty": false,
          "_timeout": 2000
        }
      ],
      "passes": [],
      "failures": [],
      "pending": [],
      "skipped": [],
      "duration": 0,
      "root": true,
      "rootEmpty": true,
      "_timeout": 2000
    },
    {
      "uuid": "5327a68f-cdc9-422a-ba96-8a3df961f53f",
      "title": "",
      "fullFile": "cypress/e2e/mvp-release/OTM_002_Scedule.spec.cy.js",
      "file": "cypress/e2e/mvp-release/OTM_002_Scedule.spec.cy.js",
      "beforeHooks": [],
      "afterHooks": [],
      "tests": [],
      "suites": [
        {
          "uuid": "12db007c-be88-4170-9df5-5ac850233edb",
          "title": "Schedule Page Check",
          "fullFile": "",
          "file": "",
          "beforeHooks": [],
          "afterHooks": [],
          "tests": [
            {
              "title": "Verify Schedule page loads",
              "fullTitle": "Schedule Page Check Verify Schedule page loads",
              "timedOut": null,
              "duration": 2660,
              "state": "passed",
              "speed": "fast",
              "pass": true,
              "fail": false,
              "pending": false,
              "context": null,
              "code": "cy.getDataCy('schedule-corner-cell').should(\"exist\");",
              "err": {},
              "uuid": "a34caeb1-8dc1-4566-ba5f-8355cf8c44fd",
              "parentUUID": "12db007c-be88-4170-9df5-5ac850233edb",
              "isHook": false,
              "skipped": false
            },
            {
              "title": "Test week forward button",
              "fullTitle": "Schedule Page Check Test week forward button",
              "timedOut": null,
              "duration": 981,
              "state": "passed",
              "speed": "fast",
              "pass": true,
              "fail": false,
              "pending": false,
              "context": null,
              "code": "cy.getDataCy('next-week-button').click();\ncy.getDataCy('schedule-corner-cell').should(\"exist\");",
              "err": {},
              "uuid": "abec8dce-c208-4d92-8eb4-3086cdce025d",
              "parentUUID": "12db007c-be88-4170-9df5-5ac850233edb",
              "isHook": false,
              "skipped": false
            },
            {
              "title": "Test week back button",
              "fullTitle": "Schedule Page Check Test week back button",
              "timedOut": null,
              "duration": 1502,
              "state": "passed",
              "speed": "fast",
              "pass": true,
              "fail": false,
              "pending": false,
              "context": null,
              "code": "cy.getDataCy('prev-week-button').click();\ncy.getDataCy('schedule-corner-cell').should(\"exist\");",
              "err": {},
              "uuid": "5c6e1563-65c8-4914-9ba5-384c1dc00ae9",
              "parentUUID": "12db007c-be88-4170-9df5-5ac850233edb",
              "isHook": false,
              "skipped": false
            }
          ],
          "suites": [],
          "passes": [
            "a34caeb1-8dc1-4566-ba5f-8355cf8c44fd",
            "abec8dce-c208-4d92-8eb4-3086cdce025d",
            "5c6e1563-65c8-4914-9ba5-384c1dc00ae9"
          ],
          "failures": [],
          "pending": [],
          "skipped": [],
          "duration": 5143,
          "root": false,
          "rootEmpty": false,
          "_timeout": 2000
        }
      ],
      "passes": [],
      "failures": [],
      "pending": [],
      "skipped": [],
      "duration": 0,
      "root": true,
      "rootEmpty": true,
      "_timeout": 2000
    },
    {
      "uuid": "3f1f7b18-f538-405e-8bae-76333ffef895",
      "title": "",
      "fullFile": "cypress/e2e/mvp-release/admin/OTM_01A_Dashboard.spec.cy.js",
      "file": "cypress/e2e/mvp-release/admin/OTM_01A_Dashboard.spec.cy.js",
      "beforeHooks": [],
      "afterHooks": [],
      "tests": [],
      "suites": [
        {
          "uuid": "c3d619e6-71ed-463d-a44f-2bdafac032c9",
          "title": "Admin - Dashboard Check",
          "fullFile": "",
          "file": "",
          "beforeHooks": [],
          "afterHooks": [],
          "tests": [
            {
              "title": "Verify Dashboard page loads",
              "fullTitle": "Admin - Dashboard Check Verify Dashboard page loads",
              "timedOut": null,
              "duration": 2446,
              "state": "passed",
              "speed": "fast",
              "pass": true,
              "fail": false,
              "pending": false,
              "context": null,
              "code": "cy.getDataCy('dashboard-nav-link').should(\"exist\").click();\ncy.getDataCy('dashboard-add-user-button').should(\"exist\");",
              "err": {},
              "uuid": "66558308-3916-4a44-8c9c-91c66d7ed2d3",
              "parentUUID": "c3d619e6-71ed-463d-a44f-2bdafac032c9",
              "isHook": false,
              "skipped": false
            },
            {
              "title": "Check Jobs tab",
              "fullTitle": "Admin - Dashboard Check Check Jobs tab",
              "timedOut": null,
              "duration": 5314,
              "state": "passed",
              "speed": "medium",
              "pass": true,
              "fail": false,
              "pending": false,
              "context": null,
              "code": "cy.intercept(\"POST\", \"**/fsApp/getJobs**\").as(\"getJobs\");\ncy.visit(\"/dashboard\");\ncy.getDataCy('dashboard-jobs-tab').should(\"exist\").click();\ncy.getDataCy('dashboard-add-job-button').should(\"exist\");\ncy.wait(\"@getJobs\").then(interception => {\n  expect(interception.response.statusCode).to.equal(200);\n});\ncy.intercept(\"POST\", \"**/fsApp/addJob**\").as(\"addJob\");\n/* ==== Generated with Cypress Studio ==== */\ncy.get('[data-cy=\"dashboard-add-job-button\"]').click();\ncy.get('#add-job-name').clear('T');\ncy.get('#add-job-name').type('Test Job');\ncy.get('[value=\"first\"]').click();\ncy.get('[value=\"second\"]').click();\ncy.get(':nth-child(5) > .w-\\\\.5').click();\ncy.get(':nth-child(6) > .min-h-min').click();\n/* ==== End Cypress Studio ==== */\ncy.wait(\"@addJob\").then(interception => {\n  expect(interception.response.statusCode).to.equal(200);\n});\ncy.intercept(\"POST\", \"**/fsApp/deleteJob**\").as(\"deleteJob\");\ncy.getDataCy('test-job').should(\"exist\").click();\ncy.getDataCy('delete-job-test-job-button').should(\"exist\").click();\ncy.getDataCy('confirm-delete-test-job-button').should(\"exist\").click();\ncy.wait(\"@deleteJob\").then(interception => {\n  expect(interception.response.statusCode).to.equal(200);\n});",
              "err": {},
              "uuid": "67e0cd9f-3da9-4ddc-a853-3041f05450b9",
              "parentUUID": "c3d619e6-71ed-463d-a44f-2bdafac032c9",
              "isHook": false,
              "skipped": false
            },
            {
              "title": "Check Settings tab",
              "fullTitle": "Admin - Dashboard Check Check Settings tab",
              "timedOut": null,
              "duration": 2095,
              "state": "passed",
              "speed": "fast",
              "pass": true,
              "fail": false,
              "pending": false,
              "context": null,
              "code": "cy.visit(\"/dashboard\");\ncy.getDataCy('dashboard-settings-tab').should(\"exist\").click();\ncy.getDataCy('department-settings-table').should(\"exist\");",
              "err": {},
              "uuid": "74d3bdcc-e973-4976-94b8-1c5ad42ce309",
              "parentUUID": "c3d619e6-71ed-463d-a44f-2bdafac032c9",
              "isHook": false,
              "skipped": false
            }
          ],
          "suites": [],
          "passes": [
            "66558308-3916-4a44-8c9c-91c66d7ed2d3",
            "67e0cd9f-3da9-4ddc-a853-3041f05450b9",
            "74d3bdcc-e973-4976-94b8-1c5ad42ce309"
          ],
          "failures": [],
          "pending": [],
          "skipped": [],
          "duration": 9855,
          "root": false,
          "rootEmpty": false,
          "_timeout": 2000
        }
      ],
      "passes": [],
      "failures": [],
      "pending": [],
      "skipped": [],
      "duration": 0,
      "root": true,
      "rootEmpty": true,
      "_timeout": 2000
    }
  ],
  "meta": {
    "mocha": {
      "version": "7.0.1"
    },
    "mochawesome": {
      "options": {
        "quiet": false,
        "reportFilename": "mochawesome",
        "saveHtml": false,
        "saveJson": true,
        "consoleReporter": "spec",
        "useInlineDiffs": false,
        "code": true
      },
      "version": "7.1.3"
    },
    "marge": {
      "options": {
        "id": "default",
        "reportDir": "cypress/report/mochawesome-report",
        "overwrite": false,
        "html": false,
        "json": true,
        "charts": true,
        "reportTitle": "OTM Test Report",
        "inline": false
      },
      "version": "6.2.0"
    }
  }
}