{
  "stats": {
    "suites": 3,
    "tests": 9,
    "passes": 8,
    "pending": 1,
    "failures": 0,
    "testsRegistered": 9,
    "passPercent": 88.88888888888889,
    "pendingPercent": 11.11111111111111,
    "other": 0,
    "hasOther": false,
    "skipped": 0,
    "hasSkipped": false,
    "start": "2024-02-03T15:45:03.576Z",
    "end": "2024-02-03T15:45:26.936Z",
    "duration": 23360
  },
  "results": [
    {
      "uuid": "fbee5ea5-1620-4f7e-8a58-71193cdbc58a",
      "title": "",
      "fullFile": "cypress/e2e/mvp-release/OTM_001_Login.spec.cy.js",
      "file": "cypress/e2e/mvp-release/OTM_001_Login.spec.cy.js",
      "beforeHooks": [],
      "afterHooks": [],
      "tests": [],
      "suites": [
        {
          "uuid": "b40a3171-11c1-42b2-8876-379c89e1a8b9",
          "title": "Authentication Checks",
          "fullFile": "",
          "file": "",
          "beforeHooks": [],
          "afterHooks": [],
          "tests": [
            {
              "title": "Valid Login",
              "fullTitle": "Authentication Checks Valid Login",
              "timedOut": null,
              "duration": 2696,
              "state": "passed",
              "speed": "fast",
              "pass": true,
              "fail": false,
              "pending": false,
              "context": null,
              "code": "cy.firebaseLogin();\n// Logout\ncy.logout();",
              "err": {},
              "uuid": "8b833f24-a549-4ca4-b55f-022219022c28",
              "parentUUID": "b40a3171-11c1-42b2-8876-379c89e1a8b9",
              "isHook": false,
              "skipped": false
            },
            {
              "title": "Test invalid password",
              "fullTitle": "Authentication Checks Test invalid password",
              "timedOut": null,
              "duration": 0,
              "state": "pending",
              "speed": null,
              "pass": false,
              "fail": false,
              "pending": true,
              "context": null,
              "code": "cy.visit(\"/\");\ncy.getDataCy('login-email').type(\"admin@otm.com\");\ncy.getDataCy('login-password').type(\"invalidpassword\");\ncy.getDataCy('login-button').click();\ncy.contains(\"wrong-password\");",
              "err": {},
              "uuid": "4ad7db80-ff01-4ad3-8f6a-204930ab75f6",
              "parentUUID": "b40a3171-11c1-42b2-8876-379c89e1a8b9",
              "isHook": false,
              "skipped": false
            },
            {
              "title": "Test invalid username",
              "fullTitle": "Authentication Checks Test invalid username",
              "timedOut": null,
              "duration": 864,
              "state": "passed",
              "speed": "fast",
              "pass": true,
              "fail": false,
              "pending": false,
              "context": null,
              "code": "cy.visit(\"/\");\ncy.getDataCy('login-email').type(\"admin@ota.com\");\ncy.getDataCy('login-password').type(\"invalidpassword\");\ncy.getDataCy('login-button').click();\ncy.contains(\"user-not-found\");",
              "err": {},
              "uuid": "cbdbf14b-a25d-4e86-897d-80bea15b0c56",
              "parentUUID": "b40a3171-11c1-42b2-8876-379c89e1a8b9",
              "isHook": false,
              "skipped": false
            }
          ],
          "suites": [],
          "passes": [
            "8b833f24-a549-4ca4-b55f-022219022c28",
            "cbdbf14b-a25d-4e86-897d-80bea15b0c56"
          ],
          "failures": [],
          "pending": [
            "4ad7db80-ff01-4ad3-8f6a-204930ab75f6"
          ],
          "skipped": [],
          "duration": 3560,
          "root": false,
          "rootEmpty": false,
          "_timeout": 2000
        }
      ],
      "passes": [],
      "failures": [],
      "pending": [],
      "skipped": [],
      "duration": 0,
      "root": true,
      "rootEmpty": true,
      "_timeout": 2000
    },
    {
      "uuid": "d2884b8e-55cf-4a4d-96df-9287b53af716",
      "title": "",
      "fullFile": "cypress/e2e/mvp-release/OTM_002_Scedule.spec.cy.js",
      "file": "cypress/e2e/mvp-release/OTM_002_Scedule.spec.cy.js",
      "beforeHooks": [],
      "afterHooks": [],
      "tests": [],
      "suites": [
        {
          "uuid": "277873f3-e94c-4332-bc07-aff0788bccc2",
          "title": "Schedule Page Check",
          "fullFile": "",
          "file": "",
          "beforeHooks": [],
          "afterHooks": [],
          "tests": [
            {
              "title": "Verify Schedule page loads",
              "fullTitle": "Schedule Page Check Verify Schedule page loads",
              "timedOut": null,
              "duration": 2558,
              "state": "passed",
              "speed": "fast",
              "pass": true,
              "fail": false,
              "pending": false,
              "context": null,
              "code": "cy.getDataCy('schedule-corner-cell').should(\"exist\");",
              "err": {},
              "uuid": "5d87b15b-5f25-435c-b755-6dc47eebbf73",
              "parentUUID": "277873f3-e94c-4332-bc07-aff0788bccc2",
              "isHook": false,
              "skipped": false
            },
            {
              "title": "Test week forward button",
              "fullTitle": "Schedule Page Check Test week forward button",
              "timedOut": null,
              "duration": 1006,
              "state": "passed",
              "speed": "fast",
              "pass": true,
              "fail": false,
              "pending": false,
              "context": null,
              "code": "cy.getDataCy('next-week-button').click();\ncy.getDataCy('schedule-corner-cell').should(\"exist\");",
              "err": {},
              "uuid": "81600cb2-78f0-401c-adee-ab136292795e",
              "parentUUID": "277873f3-e94c-4332-bc07-aff0788bccc2",
              "isHook": false,
              "skipped": false
            },
            {
              "title": "Test week back button",
              "fullTitle": "Schedule Page Check Test week back button",
              "timedOut": null,
              "duration": 1180,
              "state": "passed",
              "speed": "fast",
              "pass": true,
              "fail": false,
              "pending": false,
              "context": null,
              "code": "cy.getDataCy('prev-week-button').click();\ncy.getDataCy('schedule-corner-cell').should(\"exist\");",
              "err": {},
              "uuid": "6d1fbc7a-b1f3-4afd-9149-d35f1ac244b2",
              "parentUUID": "277873f3-e94c-4332-bc07-aff0788bccc2",
              "isHook": false,
              "skipped": false
            }
          ],
          "suites": [],
          "passes": [
            "5d87b15b-5f25-435c-b755-6dc47eebbf73",
            "81600cb2-78f0-401c-adee-ab136292795e",
            "6d1fbc7a-b1f3-4afd-9149-d35f1ac244b2"
          ],
          "failures": [],
          "pending": [],
          "skipped": [],
          "duration": 4744,
          "root": false,
          "rootEmpty": false,
          "_timeout": 2000
        }
      ],
      "passes": [],
      "failures": [],
      "pending": [],
      "skipped": [],
      "duration": 0,
      "root": true,
      "rootEmpty": true,
      "_timeout": 2000
    },
    {
      "uuid": "e64e624c-db2d-4799-899d-2f1c0c890ada",
      "title": "",
      "fullFile": "cypress/e2e/mvp-release/admin/OTM_01A_Dashboard.spec.cy.js",
      "file": "cypress/e2e/mvp-release/admin/OTM_01A_Dashboard.spec.cy.js",
      "beforeHooks": [],
      "afterHooks": [],
      "tests": [],
      "suites": [
        {
          "uuid": "eea3b516-86d2-49bc-b04f-943711d1e606",
          "title": "Admin - Dashboard Check",
          "fullFile": "",
          "file": "",
          "beforeHooks": [],
          "afterHooks": [],
          "tests": [
            {
              "title": "Verify Dashboard page loads",
              "fullTitle": "Admin - Dashboard Check Verify Dashboard page loads",
              "timedOut": null,
              "duration": 2540,
              "state": "passed",
              "speed": "fast",
              "pass": true,
              "fail": false,
              "pending": false,
              "context": null,
              "code": "cy.getDataCy('dashboard-nav-link').should(\"exist\").click();\ncy.getDataCy('dashboard-add-user-button').should(\"exist\");",
              "err": {},
              "uuid": "1024deb6-e8b3-4abd-aab5-924627a8b347",
              "parentUUID": "eea3b516-86d2-49bc-b04f-943711d1e606",
              "isHook": false,
              "skipped": false
            },
            {
              "title": "Check Jobs tab",
              "fullTitle": "Admin - Dashboard Check Check Jobs tab",
              "timedOut": null,
              "duration": 7020,
              "state": "passed",
              "speed": "medium",
              "pass": true,
              "fail": false,
              "pending": false,
              "context": null,
              "code": "cy.intercept(\"POST\", \"**/fsApp/getJobs**\").as(\"getJobs\");\ncy.visit(\"/dashboard\");\ncy.getDataCy('dashboard-jobs-tab').should(\"exist\").click();\ncy.getDataCy('dashboard-add-job-button').should(\"exist\");\ncy.wait(\"@getJobs\").then(interception => {\n  expect(interception.response.statusCode).to.equal(200);\n});\ncy.intercept(\"POST\", \"**/fsApp/addJob**\").as(\"addJob\");\n/* ==== Generated with Cypress Studio ==== */\ncy.get('[data-cy=\"dashboard-add-job-button\"]').click();\ncy.get('#add-job-name').clear('T');\ncy.get('#add-job-name').type('Test Job');\ncy.get('[value=\"first\"]').click();\ncy.get('[value=\"second\"]').click();\ncy.get(':nth-child(5) > .w-\\\\.5').click();\ncy.get(':nth-child(6) > .min-h-min').click();\n/* ==== End Cypress Studio ==== */\ncy.wait(\"@addJob\").then(interception => {\n  expect(interception.response.statusCode).to.equal(200);\n});\ncy.intercept(\"POST\", \"**/fsApp/deleteJob**\").as(\"deleteJob\");\ncy.getDataCy('test-job').should(\"exist\").click();\ncy.getDataCy('delete-job-test-job-button').should(\"exist\").click();\ncy.getDataCy('confirm-delete-test-job-button').should(\"exist\").click();\ncy.wait(\"@deleteJob\").then(interception => {\n  expect(interception.response.statusCode).to.equal(200);\n});",
              "err": {},
              "uuid": "26d014e6-331c-499d-800e-14d598948599",
              "parentUUID": "eea3b516-86d2-49bc-b04f-943711d1e606",
              "isHook": false,
              "skipped": false
            },
            {
              "title": "Check Settings tab",
              "fullTitle": "Admin - Dashboard Check Check Settings tab",
              "timedOut": null,
              "duration": 2538,
              "state": "passed",
              "speed": "fast",
              "pass": true,
              "fail": false,
              "pending": false,
              "context": null,
              "code": "cy.visit(\"/dashboard\");\ncy.getDataCy('dashboard-settings-tab').should(\"exist\").click();\ncy.getDataCy('department-settings-table').should(\"exist\");",
              "err": {},
              "uuid": "901c1a9a-221c-431e-9195-788618b7d4c8",
              "parentUUID": "eea3b516-86d2-49bc-b04f-943711d1e606",
              "isHook": false,
              "skipped": false
            }
          ],
          "suites": [],
          "passes": [
            "1024deb6-e8b3-4abd-aab5-924627a8b347",
            "26d014e6-331c-499d-800e-14d598948599",
            "901c1a9a-221c-431e-9195-788618b7d4c8"
          ],
          "failures": [],
          "pending": [],
          "skipped": [],
          "duration": 12098,
          "root": false,
          "rootEmpty": false,
          "_timeout": 2000
        }
      ],
      "passes": [],
      "failures": [],
      "pending": [],
      "skipped": [],
      "duration": 0,
      "root": true,
      "rootEmpty": true,
      "_timeout": 2000
    }
  ],
  "meta": {
    "mocha": {
      "version": "7.0.1"
    },
    "mochawesome": {
      "options": {
        "quiet": false,
        "reportFilename": "mochawesome",
        "saveHtml": false,
        "saveJson": true,
        "consoleReporter": "spec",
        "useInlineDiffs": false,
        "code": true
      },
      "version": "7.1.3"
    },
    "marge": {
      "options": {
        "id": "default",
        "reportDir": "cypress/report/mochawesome-report",
        "overwrite": false,
        "html": false,
        "json": true,
        "charts": true,
        "reportTitle": "OTM Test Report",
        "inline": false
      },
      "version": "6.2.0"
    }
  }
}