{
  "stats": {
    "suites": 3,
    "tests": 9,
    "passes": 6,
    "pending": 1,
    "failures": 2,
    "testsRegistered": 9,
    "passPercent": 66.66666666666667,
    "pendingPercent": 11.11111111111111,
    "other": 0,
    "hasOther": false,
    "skipped": 0,
    "hasSkipped": false,
    "start": "2024-01-25T03:11:10.877Z",
    "end": "2024-01-25T03:11:44.494Z",
    "duration": 33617
  },
  "results": [
    {
      "uuid": "8d5dc48c-4bb7-4632-93e2-ed81b5bb5e5e",
      "title": "",
      "fullFile": "cypress/e2e/mvp-release/OTM_001_Login.spec.cy.js",
      "file": "cypress/e2e/mvp-release/OTM_001_Login.spec.cy.js",
      "beforeHooks": [],
      "afterHooks": [],
      "tests": [],
      "suites": [
        {
          "uuid": "fe0b4ae2-fda9-4cc3-8056-4ee6e0cba781",
          "title": "Authentication Checks",
          "fullFile": "",
          "file": "",
          "beforeHooks": [],
          "afterHooks": [],
          "tests": [
            {
              "title": "Valid Login",
              "fullTitle": "Authentication Checks Valid Login",
              "timedOut": null,
              "duration": 2864,
              "state": "passed",
              "speed": "fast",
              "pass": true,
              "fail": false,
              "pending": false,
              "context": null,
              "code": "cy.firebaseLogin();\n// Logout\ncy.logout();",
              "err": {},
              "uuid": "82791172-0e5e-4b16-a07c-b80b7f0ef6e5",
              "parentUUID": "fe0b4ae2-fda9-4cc3-8056-4ee6e0cba781",
              "isHook": false,
              "skipped": false
            },
            {
              "title": "Test invalid password",
              "fullTitle": "Authentication Checks Test invalid password",
              "timedOut": null,
              "duration": 0,
              "state": "pending",
              "speed": null,
              "pass": false,
              "fail": false,
              "pending": true,
              "context": null,
              "code": "cy.visit(\"/\");\ncy.getDataCy('login-email').type(\"admin@otm.com\");\ncy.getDataCy('login-password').type(\"invalidpassword\");\ncy.getDataCy('login-button').click();\ncy.contains(\"wrong-password\");",
              "err": {},
              "uuid": "cc3eee35-5d2a-42ec-800e-51153c7b3e9d",
              "parentUUID": "fe0b4ae2-fda9-4cc3-8056-4ee6e0cba781",
              "isHook": false,
              "skipped": false
            },
            {
              "title": "Test invalid username",
              "fullTitle": "Authentication Checks Test invalid username",
              "timedOut": null,
              "duration": 838,
              "state": "passed",
              "speed": "fast",
              "pass": true,
              "fail": false,
              "pending": false,
              "context": null,
              "code": "cy.visit(\"/\");\ncy.getDataCy('login-email').type(\"admin@ota.com\");\ncy.getDataCy('login-password').type(\"invalidpassword\");\ncy.getDataCy('login-button').click();\ncy.contains(\"user-not-found\");",
              "err": {},
              "uuid": "108bce13-46ae-4366-be45-597e8353992e",
              "parentUUID": "fe0b4ae2-fda9-4cc3-8056-4ee6e0cba781",
              "isHook": false,
              "skipped": false
            }
          ],
          "suites": [],
          "passes": [
            "82791172-0e5e-4b16-a07c-b80b7f0ef6e5",
            "108bce13-46ae-4366-be45-597e8353992e"
          ],
          "failures": [],
          "pending": [
            "cc3eee35-5d2a-42ec-800e-51153c7b3e9d"
          ],
          "skipped": [],
          "duration": 3702,
          "root": false,
          "rootEmpty": false,
          "_timeout": 2000
        }
      ],
      "passes": [],
      "failures": [],
      "pending": [],
      "skipped": [],
      "duration": 0,
      "root": true,
      "rootEmpty": true,
      "_timeout": 2000
    },
    {
      "uuid": "08b5a11e-16c2-4682-85d4-cebfb7f86dea",
      "title": "",
      "fullFile": "cypress/e2e/mvp-release/OTM_002_Scedule.spec.cy.js",
      "file": "cypress/e2e/mvp-release/OTM_002_Scedule.spec.cy.js",
      "beforeHooks": [],
      "afterHooks": [],
      "tests": [],
      "suites": [
        {
          "uuid": "43f647b8-ecb1-4b37-a9bc-15635d7b3f85",
          "title": "Schedule Page Check",
          "fullFile": "",
          "file": "",
          "beforeHooks": [],
          "afterHooks": [],
          "tests": [
            {
              "title": "Verify Schedule page loads",
              "fullTitle": "Schedule Page Check Verify Schedule page loads",
              "timedOut": null,
              "duration": 14715,
              "state": "failed",
              "speed": null,
              "pass": false,
              "fail": true,
              "pending": false,
              "context": "\"assets/screenshots/OTM_002_Scedule.spec.cy.js/Schedule Page Check -- Verify Schedule page loads (failed).png\"",
              "code": "cy.getDataCy('schedule-corner-ell').should(\"exist\");",
              "err": {
                "message": "AssertionError: Timed out retrying after 12000ms: Expected to find element: `[data-cy=schedule-corner-ell]`, but never found it.",
                "estack": "AssertionError: Timed out retrying after 12000ms: Expected to find element: `[data-cy=schedule-corner-ell]`, but never found it.\n    at Context.eval (webpack://overtime-managment/./cypress/e2e/mvp-release/OTM_002_Scedule.spec.cy.js:9:40)",
                "diff": null
              },
              "uuid": "5a2e3fe6-749a-4724-a105-cb03d4f42668",
              "parentUUID": "43f647b8-ecb1-4b37-a9bc-15635d7b3f85",
              "isHook": false,
              "skipped": false
            },
            {
              "title": "Test week forward button",
              "fullTitle": "Schedule Page Check Test week forward button",
              "timedOut": null,
              "duration": 1008,
              "state": "passed",
              "speed": "fast",
              "pass": true,
              "fail": false,
              "pending": false,
              "context": null,
              "code": "cy.getDataCy('next-week-button').click();\ncy.getDataCy('schedule-corner-cell').should(\"exist\");",
              "err": {},
              "uuid": "90a82c7c-c9e2-428b-b7a1-bd0e2c26fd30",
              "parentUUID": "43f647b8-ecb1-4b37-a9bc-15635d7b3f85",
              "isHook": false,
              "skipped": false
            },
            {
              "title": "Test week back button",
              "fullTitle": "Schedule Page Check Test week back button",
              "timedOut": null,
              "duration": 993,
              "state": "passed",
              "speed": "fast",
              "pass": true,
              "fail": false,
              "pending": false,
              "context": null,
              "code": "cy.getDataCy('prev-week-button').click();\ncy.getDataCy('schedule-corner-cell').should(\"exist\");",
              "err": {},
              "uuid": "ce09c754-763b-4e89-8e0d-172f4561ef0a",
              "parentUUID": "43f647b8-ecb1-4b37-a9bc-15635d7b3f85",
              "isHook": false,
              "skipped": false
            }
          ],
          "suites": [],
          "passes": [
            "90a82c7c-c9e2-428b-b7a1-bd0e2c26fd30",
            "ce09c754-763b-4e89-8e0d-172f4561ef0a"
          ],
          "failures": [
            "5a2e3fe6-749a-4724-a105-cb03d4f42668"
          ],
          "pending": [],
          "skipped": [],
          "duration": 16716,
          "root": false,
          "rootEmpty": false,
          "_timeout": 2000
        }
      ],
      "passes": [],
      "failures": [],
      "pending": [],
      "skipped": [],
      "duration": 0,
      "root": true,
      "rootEmpty": true,
      "_timeout": 2000
    },
    {
      "uuid": "6ce5d864-15ef-4223-9e65-6ef2b6830786",
      "title": "",
      "fullFile": "cypress/e2e/mvp-release/admin/OTM_01A_Dashboard.spec.cy.js",
      "file": "cypress/e2e/mvp-release/admin/OTM_01A_Dashboard.spec.cy.js",
      "beforeHooks": [],
      "afterHooks": [],
      "tests": [],
      "suites": [
        {
          "uuid": "4ba2b56b-b08b-46fa-8556-51e094c5f9b1",
          "title": "Admin - Dashboard Check",
          "fullFile": "",
          "file": "",
          "beforeHooks": [],
          "afterHooks": [],
          "tests": [
            {
              "title": "Verify Dashboard page loads",
              "fullTitle": "Admin - Dashboard Check Verify Dashboard page loads",
              "timedOut": null,
              "duration": 2730,
              "state": "passed",
              "speed": "fast",
              "pass": true,
              "fail": false,
              "pending": false,
              "context": null,
              "code": "cy.getDataCy('dashboard-nav-link').should(\"exist\").click();\ncy.getDataCy('dashboard-add-user-button').should(\"exist\");",
              "err": {},
              "uuid": "3554d6ba-5f77-4836-9d94-816460fbfdf4",
              "parentUUID": "4ba2b56b-b08b-46fa-8556-51e094c5f9b1",
              "isHook": false,
              "skipped": false
            },
            {
              "title": "Check Jobs tab",
              "fullTitle": "Admin - Dashboard Check Check Jobs tab",
              "timedOut": null,
              "duration": 5307,
              "state": "failed",
              "speed": null,
              "pass": false,
              "fail": true,
              "pending": false,
              "context": "\"assets/screenshots/admin/OTM_01A_Dashboard.spec.cy.js/Admin - Dashboard Check -- Check Jobs tab (failed).png\"",
              "code": "cy.intercept(\"POST\", \"**/fsApp/getJobs**\").as(\"getJobs\");\ncy.visit(\"/dashboard\");\ncy.getDataCy('dashboard-jobs-tab').should(\"exist\").click();\ncy.getDataCy('dashboard-add-job-button').should(\"exist\");\ncy.wait(\"@getJobs\").then(interception => {\n  expect(interception.response.statusCode).to.equal(200);\n});\ncy.intercept(\"POST\", \"**/fsApp/addJob**\").as(\"addJob\");\n/* ==== Generated with Cypress Studio ==== */\ncy.get('[data-cy=\"dashboard-add-job-button\"]').click();\ncy.get('#add-job-name').clear('T');\ncy.get('#add-job-name').type('Test Job');\ncy.get('[value=\"first\"]').click();\ncy.get('[value=\"second\"]').click();\ncy.get(':nth-child(5) > .w-\\\\.5').click();\ncy.get(':nth-child(6) > .min-h-min').click();\n/* ==== End Cypress Studio ==== */\ncy.wait(\"@addJob\").then(interception => {\n  expect(interception.response.statusCode).to.equal(200);\n});\ncy.intercept(\"POST\", \"**/fsApp/deleteJob**\").as(\"deleteJob\");\ncy.getDataCy('test-job').should(\"exist\").click();\ncy.getDataCy('delete-job-test-job-button').should(\"exist\").click();\ncy.getDataCy('confirm-delete-test-job-button').should(\"exist\").click();\ncy.wait(\"@deleteJob\").then(interception => {\n  expect(interception.response.statusCode).to.equal(200);\n});",
              "err": {
                "message": "CypressError: `cy.click()` can only be called on a single element. Your subject contained 13 elements. Pass `{ multiple: true }` if you want to serially click each element.\n\nhttps://on.cypress.io/click",
                "estack": "CypressError: `cy.click()` can only be called on a single element. Your subject contained 13 elements. Pass `{ multiple: true }` if you want to serially click each element.\n\nhttps://on.cypress.io/click\n    at mouseAction (http://localhost:3000/__cypress/runner/cypress_runner.js:111522:68)\n    at Context.click (http://localhost:3000/__cypress/runner/cypress_runner.js:111686:14)\n    at wrapped (http://localhost:3000/__cypress/runner/cypress_runner.js:138266:19)\nFrom Your Spec Code:\n    at Context.eval (webpack://overtime-managment/./cypress/e2e/mvp-release/admin/OTM_01A_Dashboard.spec.cy.js:37:45)",
                "diff": null
              },
              "uuid": "bbcaca85-7500-4024-b30b-ca10c303cce0",
              "parentUUID": "4ba2b56b-b08b-46fa-8556-51e094c5f9b1",
              "isHook": false,
              "skipped": false
            },
            {
              "title": "Check Settings tab",
              "fullTitle": "Admin - Dashboard Check Check Settings tab",
              "timedOut": null,
              "duration": 2266,
              "state": "passed",
              "speed": "fast",
              "pass": true,
              "fail": false,
              "pending": false,
              "context": null,
              "code": "cy.visit(\"/dashboard\");\ncy.getDataCy('dashboard-settings-tab').should(\"exist\").click();\ncy.getDataCy('department-settings-table').should(\"exist\");",
              "err": {},
              "uuid": "9cb1f88f-49ce-4b39-b323-2184b038bfde",
              "parentUUID": "4ba2b56b-b08b-46fa-8556-51e094c5f9b1",
              "isHook": false,
              "skipped": false
            }
          ],
          "suites": [],
          "passes": [
            "3554d6ba-5f77-4836-9d94-816460fbfdf4",
            "9cb1f88f-49ce-4b39-b323-2184b038bfde"
          ],
          "failures": [
            "bbcaca85-7500-4024-b30b-ca10c303cce0"
          ],
          "pending": [],
          "skipped": [],
          "duration": 10303,
          "root": false,
          "rootEmpty": false,
          "_timeout": 2000
        }
      ],
      "passes": [],
      "failures": [],
      "pending": [],
      "skipped": [],
      "duration": 0,
      "root": true,
      "rootEmpty": true,
      "_timeout": 2000
    }
  ],
  "meta": {
    "mocha": {
      "version": "7.0.1"
    },
    "mochawesome": {
      "options": {
        "quiet": false,
        "reportFilename": "mochawesome",
        "saveHtml": false,
        "saveJson": true,
        "consoleReporter": "spec",
        "useInlineDiffs": false,
        "code": true
      },
      "version": "7.1.3"
    },
    "marge": {
      "options": {
        "id": "default",
        "reportDir": "cypress/report/mochawesome-report",
        "overwrite": false,
        "html": false,
        "json": true,
        "charts": true,
        "reportTitle": "OTM Test Report",
        "inline": false
      },
      "version": "6.2.0"
    }
  }
}