{
  "stats": {
    "suites": 3,
    "tests": 9,
    "passes": 8,
    "pending": 1,
    "failures": 0,
    "testsRegistered": 9,
    "passPercent": 88.88888888888889,
    "pendingPercent": 11.11111111111111,
    "other": 0,
    "hasOther": false,
    "skipped": 0,
    "hasSkipped": false,
    "start": "2024-02-03T17:10:09.014Z",
    "end": "2024-02-03T17:10:31.279Z",
    "duration": 22265
  },
  "results": [
    {
      "uuid": "2ef53f21-ca3c-4e02-9ffa-a4bfdf965068",
      "title": "",
      "fullFile": "cypress/e2e/mvp-release/OTM_001_Login.spec.cy.js",
      "file": "cypress/e2e/mvp-release/OTM_001_Login.spec.cy.js",
      "beforeHooks": [],
      "afterHooks": [],
      "tests": [],
      "suites": [
        {
          "uuid": "1879e12b-28a1-4765-b81f-721dd0314325",
          "title": "Authentication Checks",
          "fullFile": "",
          "file": "",
          "beforeHooks": [],
          "afterHooks": [],
          "tests": [
            {
              "title": "Valid Login",
              "fullTitle": "Authentication Checks Valid Login",
              "timedOut": null,
              "duration": 3194,
              "state": "passed",
              "speed": "fast",
              "pass": true,
              "fail": false,
              "pending": false,
              "context": null,
              "code": "cy.firebaseLogin();\n// Logout\ncy.logout();",
              "err": {},
              "uuid": "a7afd710-e502-4b53-bb10-25dc939b8b17",
              "parentUUID": "1879e12b-28a1-4765-b81f-721dd0314325",
              "isHook": false,
              "skipped": false
            },
            {
              "title": "Test invalid password",
              "fullTitle": "Authentication Checks Test invalid password",
              "timedOut": null,
              "duration": 0,
              "state": "pending",
              "speed": null,
              "pass": false,
              "fail": false,
              "pending": true,
              "context": null,
              "code": "cy.visit(\"/\");\ncy.getDataCy('login-email').type(\"admin@otm.com\");\ncy.getDataCy('login-password').type(\"invalidpassword\");\ncy.getDataCy('login-button').click();\ncy.contains(\"wrong-password\");",
              "err": {},
              "uuid": "79aa8ebc-740b-46e3-ac91-5ea6e88577bc",
              "parentUUID": "1879e12b-28a1-4765-b81f-721dd0314325",
              "isHook": false,
              "skipped": false
            },
            {
              "title": "Test invalid username",
              "fullTitle": "Authentication Checks Test invalid username",
              "timedOut": null,
              "duration": 892,
              "state": "passed",
              "speed": "fast",
              "pass": true,
              "fail": false,
              "pending": false,
              "context": null,
              "code": "cy.visit(\"/\");\ncy.getDataCy('login-email').type(\"admin@ota.com\");\ncy.getDataCy('login-password').type(\"invalidpassword\");\ncy.getDataCy('login-button').click();\ncy.contains(\"user-not-found\");",
              "err": {},
              "uuid": "34b44685-4e75-4f4a-8155-aa1fc0c2571a",
              "parentUUID": "1879e12b-28a1-4765-b81f-721dd0314325",
              "isHook": false,
              "skipped": false
            }
          ],
          "suites": [],
          "passes": [
            "a7afd710-e502-4b53-bb10-25dc939b8b17",
            "34b44685-4e75-4f4a-8155-aa1fc0c2571a"
          ],
          "failures": [],
          "pending": [
            "79aa8ebc-740b-46e3-ac91-5ea6e88577bc"
          ],
          "skipped": [],
          "duration": 4086,
          "root": false,
          "rootEmpty": false,
          "_timeout": 2000
        }
      ],
      "passes": [],
      "failures": [],
      "pending": [],
      "skipped": [],
      "duration": 0,
      "root": true,
      "rootEmpty": true,
      "_timeout": 2000
    },
    {
      "uuid": "1afcb33c-0fda-46e9-9048-5829a7947d49",
      "title": "",
      "fullFile": "cypress/e2e/mvp-release/OTM_002_Scedule.spec.cy.js",
      "file": "cypress/e2e/mvp-release/OTM_002_Scedule.spec.cy.js",
      "beforeHooks": [],
      "afterHooks": [],
      "tests": [],
      "suites": [
        {
          "uuid": "84632437-e6be-4235-b982-59630685294f",
          "title": "Schedule Page Check",
          "fullFile": "",
          "file": "",
          "beforeHooks": [],
          "afterHooks": [],
          "tests": [
            {
              "title": "Verify Schedule page loads",
              "fullTitle": "Schedule Page Check Verify Schedule page loads",
              "timedOut": null,
              "duration": 2433,
              "state": "passed",
              "speed": "fast",
              "pass": true,
              "fail": false,
              "pending": false,
              "context": null,
              "code": "cy.getDataCy('schedule-corner-cell').should(\"exist\");",
              "err": {},
              "uuid": "5fffd6e5-be56-4b09-9f4e-6e71aa3f8de6",
              "parentUUID": "84632437-e6be-4235-b982-59630685294f",
              "isHook": false,
              "skipped": false
            },
            {
              "title": "Test week forward button",
              "fullTitle": "Schedule Page Check Test week forward button",
              "timedOut": null,
              "duration": 1251,
              "state": "passed",
              "speed": "fast",
              "pass": true,
              "fail": false,
              "pending": false,
              "context": null,
              "code": "cy.getDataCy('next-week-button').click();\ncy.getDataCy('schedule-corner-cell').should(\"exist\");",
              "err": {},
              "uuid": "c46ba22b-9936-4a8f-a126-114059fc60d2",
              "parentUUID": "84632437-e6be-4235-b982-59630685294f",
              "isHook": false,
              "skipped": false
            },
            {
              "title": "Test week back button",
              "fullTitle": "Schedule Page Check Test week back button",
              "timedOut": null,
              "duration": 830,
              "state": "passed",
              "speed": "fast",
              "pass": true,
              "fail": false,
              "pending": false,
              "context": null,
              "code": "cy.getDataCy('prev-week-button').click();\ncy.getDataCy('schedule-corner-cell').should(\"exist\");",
              "err": {},
              "uuid": "74042aee-3e0e-442e-be8b-489b80a6c84f",
              "parentUUID": "84632437-e6be-4235-b982-59630685294f",
              "isHook": false,
              "skipped": false
            }
          ],
          "suites": [],
          "passes": [
            "5fffd6e5-be56-4b09-9f4e-6e71aa3f8de6",
            "c46ba22b-9936-4a8f-a126-114059fc60d2",
            "74042aee-3e0e-442e-be8b-489b80a6c84f"
          ],
          "failures": [],
          "pending": [],
          "skipped": [],
          "duration": 4514,
          "root": false,
          "rootEmpty": false,
          "_timeout": 2000
        }
      ],
      "passes": [],
      "failures": [],
      "pending": [],
      "skipped": [],
      "duration": 0,
      "root": true,
      "rootEmpty": true,
      "_timeout": 2000
    },
    {
      "uuid": "63c18377-68ac-42cc-85e0-9ff39072a23d",
      "title": "",
      "fullFile": "cypress/e2e/mvp-release/admin/OTM_01A_Dashboard.spec.cy.js",
      "file": "cypress/e2e/mvp-release/admin/OTM_01A_Dashboard.spec.cy.js",
      "beforeHooks": [],
      "afterHooks": [],
      "tests": [],
      "suites": [
        {
          "uuid": "c8cbdace-b0a9-4920-b1aa-119da2e230c5",
          "title": "Admin - Dashboard Check",
          "fullFile": "",
          "file": "",
          "beforeHooks": [],
          "afterHooks": [],
          "tests": [
            {
              "title": "Verify Dashboard page loads",
              "fullTitle": "Admin - Dashboard Check Verify Dashboard page loads",
              "timedOut": null,
              "duration": 2674,
              "state": "passed",
              "speed": "fast",
              "pass": true,
              "fail": false,
              "pending": false,
              "context": null,
              "code": "cy.getDataCy('dashboard-nav-link').should(\"exist\").click();\ncy.getDataCy('dashboard-add-user-button').should(\"exist\");",
              "err": {},
              "uuid": "35f891cd-f4d7-44e4-b6cd-73ca4dcf7929",
              "parentUUID": "c8cbdace-b0a9-4920-b1aa-119da2e230c5",
              "isHook": false,
              "skipped": false
            },
            {
              "title": "Check Jobs tab",
              "fullTitle": "Admin - Dashboard Check Check Jobs tab",
              "timedOut": null,
              "duration": 6911,
              "state": "passed",
              "speed": "medium",
              "pass": true,
              "fail": false,
              "pending": false,
              "context": null,
              "code": "cy.intercept(\"POST\", \"**/fsApp/getJobs**\").as(\"getJobs\");\ncy.getDataCy('dashboard-nav-link').should(\"exist\").click();\ncy.getDataCy('dashboard-jobs-tab').should(\"exist\").click();\ncy.getDataCy('dashboard-add-job-button').should(\"exist\");\ncy.wait(\"@getJobs\").then(interception => {\n  expect(interception.response.statusCode).to.equal(200);\n});\ncy.intercept(\"POST\", \"**/fsApp/addJob**\").as(\"addJob\");\n/* ==== Generated with Cypress Studio ==== */\ncy.get('[data-cy=\"dashboard-add-job-button\"]').click();\ncy.get('#add-job-name').clear('T');\ncy.get('#add-job-name').type('Test Job');\ncy.get('[value=\"first\"]').click();\ncy.get('[value=\"second\"]').click();\ncy.get(':nth-child(5) > .w-\\\\.5').click();\ncy.get(':nth-child(6) > .min-h-min').click();\n/* ==== End Cypress Studio ==== */\ncy.wait(\"@addJob\").then(interception => {\n  expect(interception.response.statusCode).to.equal(200);\n});\ncy.intercept(\"POST\", \"**/fsApp/deleteJob**\").as(\"deleteJob\");\ncy.getDataCy('test-job').should(\"exist\").click();\ncy.getDataCy('delete-job-test-job-button').should(\"exist\").click();\ncy.getDataCy('confirm-delete-test-job-button').should(\"exist\").click();\ncy.wait(\"@deleteJob\").then(interception => {\n  expect(interception.response.statusCode).to.equal(200);\n});",
              "err": {},
              "uuid": "ab7d8328-d1ed-4784-a948-7c87f37fbd0a",
              "parentUUID": "c8cbdace-b0a9-4920-b1aa-119da2e230c5",
              "isHook": false,
              "skipped": false
            },
            {
              "title": "Check Settings tab",
              "fullTitle": "Admin - Dashboard Check Check Settings tab",
              "timedOut": null,
              "duration": 1227,
              "state": "passed",
              "speed": "fast",
              "pass": true,
              "fail": false,
              "pending": false,
              "context": null,
              "code": "cy.getDataCy('dashboard-nav-link').should(\"exist\").click();\ncy.getDataCy('dashboard-settings-tab').should(\"exist\").click();\ncy.getDataCy('department-settings-table').should(\"exist\");",
              "err": {},
              "uuid": "11ecaa24-005c-4d99-92fc-dc900c3a6068",
              "parentUUID": "c8cbdace-b0a9-4920-b1aa-119da2e230c5",
              "isHook": false,
              "skipped": false
            }
          ],
          "suites": [],
          "passes": [
            "35f891cd-f4d7-44e4-b6cd-73ca4dcf7929",
            "ab7d8328-d1ed-4784-a948-7c87f37fbd0a",
            "11ecaa24-005c-4d99-92fc-dc900c3a6068"
          ],
          "failures": [],
          "pending": [],
          "skipped": [],
          "duration": 10812,
          "root": false,
          "rootEmpty": false,
          "_timeout": 2000
        }
      ],
      "passes": [],
      "failures": [],
      "pending": [],
      "skipped": [],
      "duration": 0,
      "root": true,
      "rootEmpty": true,
      "_timeout": 2000
    }
  ],
  "meta": {
    "mocha": {
      "version": "7.0.1"
    },
    "mochawesome": {
      "options": {
        "quiet": false,
        "reportFilename": "mochawesome",
        "saveHtml": false,
        "saveJson": true,
        "consoleReporter": "spec",
        "useInlineDiffs": false,
        "code": true
      },
      "version": "7.1.3"
    },
    "marge": {
      "options": {
        "id": "default",
        "reportDir": "cypress/report/mochawesome-report",
        "overwrite": false,
        "html": false,
        "json": true,
        "charts": true,
        "reportTitle": "OTM Test Report",
        "inline": false
      },
      "version": "6.2.0"
    }
  }
}