{
  "stats": {
    "suites": 2,
    "tests": 4,
    "passes": 3,
    "pending": 0,
    "failures": 1,
    "testsRegistered": 4,
    "passPercent": 75,
    "pendingPercent": 0,
    "other": 0,
    "hasOther": false,
    "skipped": 0,
    "hasSkipped": false,
    "start": "2024-01-20T17:13:09.487Z",
    "end": "2024-01-20T17:13:15.455Z",
    "duration": 5968
  },
  "results": [
    {
      "uuid": "fb2991d3-3423-4499-8930-366d5b104b37",
      "title": "",
      "fullFile": "cypress/e2e/mvp-release/OTM_001_Login.spec.cy.js",
      "file": "cypress/e2e/mvp-release/OTM_001_Login.spec.cy.js",
      "beforeHooks": [],
      "afterHooks": [],
      "tests": [],
      "suites": [
        {
          "uuid": "bb06073a-b17a-4f16-bc0f-d5c76f15cd6f",
          "title": "Authentication Checks",
          "fullFile": "",
          "file": "",
          "beforeHooks": [],
          "afterHooks": [],
          "tests": [
            {
              "title": "Valid Login",
              "fullTitle": "Authentication Checks Valid Login",
              "timedOut": null,
              "duration": 2733,
              "state": "passed",
              "speed": "fast",
              "pass": true,
              "fail": false,
              "pending": false,
              "context": null,
              "code": "cy.firebaseLogin();\n// Logout\ncy.logout();",
              "err": {},
              "uuid": "2c82afb4-39f3-4304-a0f2-7c4b84024dd3",
              "parentUUID": "bb06073a-b17a-4f16-bc0f-d5c76f15cd6f",
              "isHook": false,
              "skipped": false
            },
            {
              "title": "Test invalid password",
              "fullTitle": "Authentication Checks Test invalid password",
              "timedOut": null,
              "duration": 898,
              "state": "passed",
              "speed": "fast",
              "pass": true,
              "fail": false,
              "pending": false,
              "context": null,
              "code": "cy.visit(\"/\");\ncy.getDataCy('login-email').type(\"admin@otm.com\");\ncy.getDataCy('login-password').type(\"invalidpassword\");\ncy.getDataCy('login-button').click();\ncy.contains(\"wrong-password\");",
              "err": {},
              "uuid": "8a8a3e2e-6e83-402f-b303-0672a064e022",
              "parentUUID": "bb06073a-b17a-4f16-bc0f-d5c76f15cd6f",
              "isHook": false,
              "skipped": false
            },
            {
              "title": "Test invalid username",
              "fullTitle": "Authentication Checks Test invalid username",
              "timedOut": null,
              "duration": 834,
              "state": "passed",
              "speed": "fast",
              "pass": true,
              "fail": false,
              "pending": false,
              "context": null,
              "code": "cy.visit(\"/\");\ncy.getDataCy('login-email').type(\"admin@ota.com\");\ncy.getDataCy('login-password').type(\"invalidpassword\");\ncy.getDataCy('login-button').click();\ncy.contains(\"user-not-found\");",
              "err": {},
              "uuid": "ebb44790-a7b3-406d-a17b-95f5834dfb45",
              "parentUUID": "bb06073a-b17a-4f16-bc0f-d5c76f15cd6f",
              "isHook": false,
              "skipped": false
            }
          ],
          "suites": [],
          "passes": [
            "2c82afb4-39f3-4304-a0f2-7c4b84024dd3",
            "8a8a3e2e-6e83-402f-b303-0672a064e022",
            "ebb44790-a7b3-406d-a17b-95f5834dfb45"
          ],
          "failures": [],
          "pending": [],
          "skipped": [],
          "duration": 4465,
          "root": false,
          "rootEmpty": false,
          "_timeout": 2000
        }
      ],
      "passes": [],
      "failures": [],
      "pending": [],
      "skipped": [],
      "duration": 0,
      "root": true,
      "rootEmpty": true,
      "_timeout": 2000
    },
    {
      "uuid": "f13055bf-fbec-4046-84d5-f72a30faffdf",
      "title": "",
      "fullFile": "cypress/e2e/mvp-release/OTM_002_Scedule.spec.cy.js",
      "file": "cypress/e2e/mvp-release/OTM_002_Scedule.spec.cy.js",
      "beforeHooks": [],
      "afterHooks": [],
      "tests": [],
      "suites": [
        {
          "uuid": "9ff88618-c90d-443a-9d3b-aa2f51c4215c",
          "title": "Schedule Page Check",
          "fullFile": "",
          "file": "",
          "beforeHooks": [],
          "afterHooks": [],
          "tests": [
            {
              "title": "Verify Scheduel page loads",
              "fullTitle": "Schedule Page Check Verify Scheduel page loads",
              "timedOut": null,
              "duration": 141,
              "state": "failed",
              "speed": null,
              "pass": false,
              "fail": true,
              "pending": false,
              "context": "\"assets/OTM_002_Scedule.spec.cy.js/Schedule Page Check -- Verify Scheduel page loads (failed).png\"",
              "code": "cy.login(\"admin@ota.com\", \"test1234\");\ncy.visit(\"/\");\ncy.get(\"Schedule\").should(\"exist\");",
              "err": {
                "message": "CypressError: `cy.task('createCustomToken')` failed with the following error:\n\n> `developerClaims` argument must be a valid, non-null object containing the developer claims.\n\nhttps://on.cypress.io/api/task",
                "estack": "CypressError: `cy.task('createCustomToken')` failed with the following error:\n\n> `developerClaims` argument must be a valid, non-null object containing the developer claims.\n\nhttps://on.cypress.io/api/task\n    at <unknown> (http://localhost:3000/__cypress/runner/cypress_runner.js:135250:70)\n    at tryCatcher (http://localhost:3000/__cypress/runner/cypress_runner.js:1807:23)\n    at Promise._settlePromiseFromHandler (http://localhost:3000/__cypress/runner/cypress_runner.js:1519:31)\n    at Promise._settlePromise (http://localhost:3000/__cypress/runner/cypress_runner.js:1576:18)\n    at Promise._settlePromise0 (http://localhost:3000/__cypress/runner/cypress_runner.js:1621:10)\n    at Promise._settlePromises (http://localhost:3000/__cypress/runner/cypress_runner.js:1697:18)\n    at _drainQueueStep (http://localhost:3000/__cypress/runner/cypress_runner.js:2407:12)\n    at _drainQueue (http://localhost:3000/__cypress/runner/cypress_runner.js:2400:9)\n    at Async._drainQueues (http://localhost:3000/__cypress/runner/cypress_runner.js:2416:5)\n    at Async.drainQueues (http://localhost:3000/__cypress/runner/cypress_runner.js:2286:14)\nFrom Your Spec Code:\n    at Context.eval (webpack://overtime-managment/./node_modules/cypress-firebase/lib-esm/attachCustomCommands.js:72:0)\n\nFrom Node.js Internals:\n  Error: `developerClaims` argument must be a valid, non-null object containing the developer claims.\n      at FirebaseTokenGenerator.createCustomToken (/Users/g_martin/development/github/otm-client/node_modules/firebase-admin/lib/auth/token-generator.js:99:19)\n      at Auth.createCustomToken (/Users/g_martin/development/github/otm-client/node_modules/firebase-admin/lib/auth/base-auth.js:88:36)\n      at Object.createCustomToken (/Users/g_martin/development/github/otm-client/node_modules/cypress-firebase/lib/tasks.js:242:54)\n      at acc.<computed> (/Users/g_martin/development/github/otm-client/node_modules/cypress-firebase/lib/plugin.js:52:39)\n      at invoke (/Users/g_martin/Library/Caches/Cypress/13.6.2/Cypress.app/Contents/Resources/app/packages/server/lib/plugins/child/run_plugins.js:248:16)\n      at <unknown> (/Users/g_martin/Library/Caches/Cypress/13.6.2/Cypress.app/Contents/Resources/app/packages/server/lib/plugins/util.js:59:14)\n      at tryCatcher (/Users/g_martin/Library/Caches/Cypress/13.6.2/Cypress.app/Contents/Resources/app/node_modules/bluebird/js/release/util.js:16:23)\n      at Function.Promise.attempt.Promise.try (/Users/g_martin/Library/Caches/Cypress/13.6.2/Cypress.app/Contents/Resources/app/node_modules/bluebird/js/release/method.js:39:29)\n      at Object.wrapChildPromise (/Users/g_martin/Library/Caches/Cypress/13.6.2/Cypress.app/Contents/Resources/app/packages/server/lib/plugins/util.js:58:23)\n      at RunPlugins.taskExecute (/Users/g_martin/Library/Caches/Cypress/13.6.2/Cypress.app/Contents/Resources/app/packages/server/lib/plugins/child/run_plugins.js:254:10)\n      at RunPlugins.execute (/Users/g_martin/Library/Caches/Cypress/13.6.2/Cypress.app/Contents/Resources/app/packages/server/lib/plugins/child/run_plugins.js:166:21)\n      at EventEmitter.<anonymous> (/Users/g_martin/Library/Caches/Cypress/13.6.2/Cypress.app/Contents/Resources/app/packages/server/lib/plugins/child/run_plugins.js:56:12)\n      at EventEmitter.emit (node:events:519:28)\n      at EventEmitter.emit (node:domain:488:12)\n      at process.<anonymous> (/Users/g_martin/Library/Caches/Cypress/13.6.2/Cypress.app/Contents/Resources/app/packages/server/lib/plugins/util.js:33:22)\n      at process.emit (node:events:519:28)\n      at process.emit (node:domain:488:12)\n      at process.emit.sharedData.processEmitHook.installedValue [as emit] (/Users/g_martin/Library/Caches/Cypress/13.6.2/Cypress.app/Contents/Resources/app/node_modules/@cspotcode/source-map-support/source-map-support.js:745:40)\n      at emit (node:internal/child_process:951:14)\n      at processTicksAndRejections (node:internal/process/task_queues:83:21)",
                "diff": null
              },
              "uuid": "4174b94a-4376-46b1-bbb6-95ba37eb65aa",
              "parentUUID": "9ff88618-c90d-443a-9d3b-aa2f51c4215c",
              "isHook": false,
              "skipped": false
            }
          ],
          "suites": [],
          "passes": [],
          "failures": [
            "4174b94a-4376-46b1-bbb6-95ba37eb65aa"
          ],
          "pending": [],
          "skipped": [],
          "duration": 141,
          "root": false,
          "rootEmpty": false,
          "_timeout": 2000
        }
      ],
      "passes": [],
      "failures": [],
      "pending": [],
      "skipped": [],
      "duration": 0,
      "root": true,
      "rootEmpty": true,
      "_timeout": 2000
    }
  ],
  "meta": {
    "mocha": {
      "version": "7.0.1"
    },
    "mochawesome": {
      "options": {
        "quiet": false,
        "reportFilename": "mochawesome",
        "saveHtml": false,
        "saveJson": true,
        "consoleReporter": "spec",
        "useInlineDiffs": false,
        "code": true
      },
      "version": "7.1.3"
    },
    "marge": {
      "options": {
        "id": "default",
        "reportDir": "./cypress/report/mochawesome-report",
        "overwrite": false,
        "html": false,
        "json": true,
        "charts": true,
        "reportTitle": "OTM Test Report",
        "inline": false
      },
      "version": "6.2.0"
    }
  }
}