{
  "stats": {
    "suites": 3,
    "tests": 9,
    "passes": 7,
    "pending": 1,
    "failures": 1,
    "testsRegistered": 9,
    "passPercent": 77.77777777777777,
    "pendingPercent": 11.11111111111111,
    "other": 0,
    "hasOther": false,
    "skipped": 0,
    "hasSkipped": false,
    "start": "2024-01-23T00:38:09.974Z",
    "end": "2024-01-23T00:38:36.789Z",
    "duration": 26815
  },
  "results": [
    {
      "uuid": "14dd860e-c9ad-43c7-b95a-d7a51316463f",
      "title": "",
      "fullFile": "cypress/e2e/mvp-release/OTM_001_Login.spec.cy.js",
      "file": "cypress/e2e/mvp-release/OTM_001_Login.spec.cy.js",
      "beforeHooks": [],
      "afterHooks": [],
      "tests": [],
      "suites": [
        {
          "uuid": "948fa93b-5662-4ce6-aa3a-4206f1195dbe",
          "title": "Authentication Checks",
          "fullFile": "",
          "file": "",
          "beforeHooks": [],
          "afterHooks": [],
          "tests": [
            {
              "title": "Valid Login",
              "fullTitle": "Authentication Checks Valid Login",
              "timedOut": null,
              "duration": 2929,
              "state": "passed",
              "speed": "fast",
              "pass": true,
              "fail": false,
              "pending": false,
              "context": null,
              "code": "cy.firebaseLogin();\n// Logout\ncy.logout();",
              "err": {},
              "uuid": "d22c4dd3-cdc5-4bda-aef6-6f721f167b0c",
              "parentUUID": "948fa93b-5662-4ce6-aa3a-4206f1195dbe",
              "isHook": false,
              "skipped": false
            },
            {
              "title": "Test invalid password",
              "fullTitle": "Authentication Checks Test invalid password",
              "timedOut": null,
              "duration": 0,
              "state": "pending",
              "speed": null,
              "pass": false,
              "fail": false,
              "pending": true,
              "context": null,
              "code": "cy.visit(\"/\");\ncy.getDataCy('login-email').type(\"admin@otm.com\");\ncy.getDataCy('login-password').type(\"invalidpassword\");\ncy.getDataCy('login-button').click();\ncy.contains(\"wrong-password\");",
              "err": {},
              "uuid": "5f2bf9bf-7f58-419d-9510-8682e2a4ceea",
              "parentUUID": "948fa93b-5662-4ce6-aa3a-4206f1195dbe",
              "isHook": false,
              "skipped": false
            },
            {
              "title": "Test invalid username",
              "fullTitle": "Authentication Checks Test invalid username",
              "timedOut": null,
              "duration": 825,
              "state": "passed",
              "speed": "fast",
              "pass": true,
              "fail": false,
              "pending": false,
              "context": null,
              "code": "cy.visit(\"/\");\ncy.getDataCy('login-email').type(\"admin@ota.com\");\ncy.getDataCy('login-password').type(\"invalidpassword\");\ncy.getDataCy('login-button').click();\ncy.contains(\"user-not-found\");",
              "err": {},
              "uuid": "232d6372-c03d-4d99-88ed-1029eb5feaed",
              "parentUUID": "948fa93b-5662-4ce6-aa3a-4206f1195dbe",
              "isHook": false,
              "skipped": false
            }
          ],
          "suites": [],
          "passes": [
            "d22c4dd3-cdc5-4bda-aef6-6f721f167b0c",
            "232d6372-c03d-4d99-88ed-1029eb5feaed"
          ],
          "failures": [],
          "pending": [
            "5f2bf9bf-7f58-419d-9510-8682e2a4ceea"
          ],
          "skipped": [],
          "duration": 3754,
          "root": false,
          "rootEmpty": false,
          "_timeout": 2000
        }
      ],
      "passes": [],
      "failures": [],
      "pending": [],
      "skipped": [],
      "duration": 0,
      "root": true,
      "rootEmpty": true,
      "_timeout": 2000
    },
    {
      "uuid": "b71394b5-0244-45ad-9ddf-90af06ad2d4e",
      "title": "",
      "fullFile": "cypress/e2e/mvp-release/OTM_002_Scedule.spec.cy.js",
      "file": "cypress/e2e/mvp-release/OTM_002_Scedule.spec.cy.js",
      "beforeHooks": [],
      "afterHooks": [],
      "tests": [],
      "suites": [
        {
          "uuid": "e109f78d-667d-4280-9b9a-75e68245ef9a",
          "title": "Schedule Page Check",
          "fullFile": "",
          "file": "",
          "beforeHooks": [],
          "afterHooks": [],
          "tests": [
            {
              "title": "Verify Schedule page loads",
              "fullTitle": "Schedule Page Check Verify Schedule page loads",
              "timedOut": null,
              "duration": 2433,
              "state": "passed",
              "speed": "fast",
              "pass": true,
              "fail": false,
              "pending": false,
              "context": null,
              "code": "cy.getDataCy('schedule-corner-cell').should(\"exist\");",
              "err": {},
              "uuid": "6acb7a38-8d74-40ad-9db1-9e35ddadacb1",
              "parentUUID": "e109f78d-667d-4280-9b9a-75e68245ef9a",
              "isHook": false,
              "skipped": false
            },
            {
              "title": "Test week forward button",
              "fullTitle": "Schedule Page Check Test week forward button",
              "timedOut": null,
              "duration": 924,
              "state": "passed",
              "speed": "fast",
              "pass": true,
              "fail": false,
              "pending": false,
              "context": null,
              "code": "cy.getDataCy('next-week-button').click();\ncy.getDataCy('schedule-corner-cell').should(\"exist\");",
              "err": {},
              "uuid": "8157a6af-ed19-462f-bf10-fa25a64e5dda",
              "parentUUID": "e109f78d-667d-4280-9b9a-75e68245ef9a",
              "isHook": false,
              "skipped": false
            },
            {
              "title": "Test week back button",
              "fullTitle": "Schedule Page Check Test week back button",
              "timedOut": null,
              "duration": 849,
              "state": "passed",
              "speed": "fast",
              "pass": true,
              "fail": false,
              "pending": false,
              "context": null,
              "code": "cy.getDataCy('prev-week-button').click();\ncy.getDataCy('schedule-corner-cell').should(\"exist\");",
              "err": {},
              "uuid": "03e4658b-9f95-4b00-b1d9-c221f702396d",
              "parentUUID": "e109f78d-667d-4280-9b9a-75e68245ef9a",
              "isHook": false,
              "skipped": false
            }
          ],
          "suites": [],
          "passes": [
            "6acb7a38-8d74-40ad-9db1-9e35ddadacb1",
            "8157a6af-ed19-462f-bf10-fa25a64e5dda",
            "03e4658b-9f95-4b00-b1d9-c221f702396d"
          ],
          "failures": [],
          "pending": [],
          "skipped": [],
          "duration": 4206,
          "root": false,
          "rootEmpty": false,
          "_timeout": 2000
        }
      ],
      "passes": [],
      "failures": [],
      "pending": [],
      "skipped": [],
      "duration": 0,
      "root": true,
      "rootEmpty": true,
      "_timeout": 2000
    },
    {
      "uuid": "06da3e52-9d0e-49dd-9677-2eeff7121041",
      "title": "",
      "fullFile": "cypress/e2e/mvp-release/admin/OTM_01A_Dashboard.spec.cy.js",
      "file": "cypress/e2e/mvp-release/admin/OTM_01A_Dashboard.spec.cy.js",
      "beforeHooks": [],
      "afterHooks": [],
      "tests": [],
      "suites": [
        {
          "uuid": "c827652b-ed2e-46b3-84c8-419295209cdc",
          "title": "Admin - Dashboard Check",
          "fullFile": "",
          "file": "",
          "beforeHooks": [],
          "afterHooks": [],
          "tests": [
            {
              "title": "Verify Dashboard page loads",
              "fullTitle": "Admin - Dashboard Check Verify Dashboard page loads",
              "timedOut": null,
              "duration": 14473,
              "state": "failed",
              "speed": null,
              "pass": false,
              "fail": true,
              "pending": false,
              "context": "\"assets/OTM_01A_Dashboard.spec.cy.js/Admin - Dashboard Check -- Verify Dashboard page loads (failed).png\"",
              "code": "cy.getDataCy('dashboard-nav-link').should(\"exist\").click();\ncy.getDataCy('dashboard-add-user-button').should(\"exist\");",
              "err": {
                "message": "AssertionError: Timed out retrying after 12000ms: Expected to find element: `[data-cy=dashboard-add-user-button]`, but never found it.",
                "estack": "AssertionError: Timed out retrying after 12000ms: Expected to find element: `[data-cy=dashboard-add-user-button]`, but never found it.\n    at Context.eval (webpack://overtime-managment/./cypress/e2e/mvp-release/admin/OTM_01A_Dashboard.spec.cy.js:10:46)",
                "diff": null
              },
              "uuid": "a865ccf3-5822-4f3b-bccd-fb2506b3d563",
              "parentUUID": "c827652b-ed2e-46b3-84c8-419295209cdc",
              "isHook": false,
              "skipped": false
            },
            {
              "title": "Test week forward button",
              "fullTitle": "Admin - Dashboard Check Test week forward button",
              "timedOut": null,
              "duration": 729,
              "state": "passed",
              "speed": "fast",
              "pass": true,
              "fail": false,
              "pending": false,
              "context": null,
              "code": "",
              "err": {},
              "uuid": "64b91f98-7ed7-4b81-a7ac-1a419d398d4d",
              "parentUUID": "c827652b-ed2e-46b3-84c8-419295209cdc",
              "isHook": false,
              "skipped": false
            },
            {
              "title": "Test week back button",
              "fullTitle": "Admin - Dashboard Check Test week back button",
              "timedOut": null,
              "duration": 927,
              "state": "passed",
              "speed": "fast",
              "pass": true,
              "fail": false,
              "pending": false,
              "context": null,
              "code": "",
              "err": {},
              "uuid": "e61f732d-dc5d-4560-9f49-2014798c9945",
              "parentUUID": "c827652b-ed2e-46b3-84c8-419295209cdc",
              "isHook": false,
              "skipped": false
            }
          ],
          "suites": [],
          "passes": [
            "64b91f98-7ed7-4b81-a7ac-1a419d398d4d",
            "e61f732d-dc5d-4560-9f49-2014798c9945"
          ],
          "failures": [
            "a865ccf3-5822-4f3b-bccd-fb2506b3d563"
          ],
          "pending": [],
          "skipped": [],
          "duration": 16129,
          "root": false,
          "rootEmpty": false,
          "_timeout": 2000
        }
      ],
      "passes": [],
      "failures": [],
      "pending": [],
      "skipped": [],
      "duration": 0,
      "root": true,
      "rootEmpty": true,
      "_timeout": 2000
    }
  ],
  "meta": {
    "mocha": {
      "version": "7.0.1"
    },
    "mochawesome": {
      "options": {
        "quiet": false,
        "reportFilename": "mochawesome",
        "saveHtml": false,
        "saveJson": true,
        "consoleReporter": "spec",
        "useInlineDiffs": false,
        "code": true
      },
      "version": "7.1.3"
    },
    "marge": {
      "options": {
        "id": "default",
        "reportDir": "./cypress/report/mochawesome-report",
        "overwrite": false,
        "html": false,
        "json": true,
        "charts": true,
        "reportTitle": "OTM Test Report",
        "inline": false
      },
      "version": "6.2.0"
    }
  }
}