{
  "stats": {
    "suites": 3,
    "tests": 9,
    "passes": 8,
    "pending": 1,
    "failures": 0,
    "testsRegistered": 9,
    "passPercent": 88.88888888888889,
    "pendingPercent": 11.11111111111111,
    "other": 0,
    "hasOther": false,
    "skipped": 0,
    "hasSkipped": false,
    "start": "2024-02-03T12:46:17.421Z",
    "end": "2024-02-03T12:46:39.841Z",
    "duration": 22420
  },
  "results": [
    {
      "uuid": "d72a3fa1-7f8d-484e-9c10-5ad5d725fbeb",
      "title": "",
      "fullFile": "cypress/e2e/mvp-release/OTM_001_Login.spec.cy.js",
      "file": "cypress/e2e/mvp-release/OTM_001_Login.spec.cy.js",
      "beforeHooks": [],
      "afterHooks": [],
      "tests": [],
      "suites": [
        {
          "uuid": "b290bc0d-12f3-4246-98d9-bc6933e747d7",
          "title": "Authentication Checks",
          "fullFile": "",
          "file": "",
          "beforeHooks": [],
          "afterHooks": [],
          "tests": [
            {
              "title": "Valid Login",
              "fullTitle": "Authentication Checks Valid Login",
              "timedOut": null,
              "duration": 2611,
              "state": "passed",
              "speed": "fast",
              "pass": true,
              "fail": false,
              "pending": false,
              "context": null,
              "code": "cy.firebaseLogin();\n// Logout\ncy.logout();",
              "err": {},
              "uuid": "4d5d2775-9ad3-4cc9-9ce3-6bb86dbd7274",
              "parentUUID": "b290bc0d-12f3-4246-98d9-bc6933e747d7",
              "isHook": false,
              "skipped": false
            },
            {
              "title": "Test invalid password",
              "fullTitle": "Authentication Checks Test invalid password",
              "timedOut": null,
              "duration": 0,
              "state": "pending",
              "speed": null,
              "pass": false,
              "fail": false,
              "pending": true,
              "context": null,
              "code": "cy.visit(\"/\");\ncy.getDataCy('login-email').type(\"admin@otm.com\");\ncy.getDataCy('login-password').type(\"invalidpassword\");\ncy.getDataCy('login-button').click();\ncy.contains(\"wrong-password\");",
              "err": {},
              "uuid": "bdfb99a2-8a39-4673-842d-90ad30c72b44",
              "parentUUID": "b290bc0d-12f3-4246-98d9-bc6933e747d7",
              "isHook": false,
              "skipped": false
            },
            {
              "title": "Test invalid username",
              "fullTitle": "Authentication Checks Test invalid username",
              "timedOut": null,
              "duration": 875,
              "state": "passed",
              "speed": "fast",
              "pass": true,
              "fail": false,
              "pending": false,
              "context": null,
              "code": "cy.visit(\"/\");\ncy.getDataCy('login-email').type(\"admin@ota.com\");\ncy.getDataCy('login-password').type(\"invalidpassword\");\ncy.getDataCy('login-button').click();\ncy.contains(\"user-not-found\");",
              "err": {},
              "uuid": "71a23900-0d4d-4332-82c0-5dac05ec4bbf",
              "parentUUID": "b290bc0d-12f3-4246-98d9-bc6933e747d7",
              "isHook": false,
              "skipped": false
            }
          ],
          "suites": [],
          "passes": [
            "4d5d2775-9ad3-4cc9-9ce3-6bb86dbd7274",
            "71a23900-0d4d-4332-82c0-5dac05ec4bbf"
          ],
          "failures": [],
          "pending": [
            "bdfb99a2-8a39-4673-842d-90ad30c72b44"
          ],
          "skipped": [],
          "duration": 3486,
          "root": false,
          "rootEmpty": false,
          "_timeout": 2000
        }
      ],
      "passes": [],
      "failures": [],
      "pending": [],
      "skipped": [],
      "duration": 0,
      "root": true,
      "rootEmpty": true,
      "_timeout": 2000
    },
    {
      "uuid": "fa98f158-d7c6-4c50-a205-a36b51a6bfab",
      "title": "",
      "fullFile": "cypress/e2e/mvp-release/OTM_002_Scedule.spec.cy.js",
      "file": "cypress/e2e/mvp-release/OTM_002_Scedule.spec.cy.js",
      "beforeHooks": [],
      "afterHooks": [],
      "tests": [],
      "suites": [
        {
          "uuid": "28b2b1ff-b6da-4aed-a401-cedc95150891",
          "title": "Schedule Page Check",
          "fullFile": "",
          "file": "",
          "beforeHooks": [],
          "afterHooks": [],
          "tests": [
            {
              "title": "Verify Schedule page loads",
              "fullTitle": "Schedule Page Check Verify Schedule page loads",
              "timedOut": null,
              "duration": 2466,
              "state": "passed",
              "speed": "fast",
              "pass": true,
              "fail": false,
              "pending": false,
              "context": null,
              "code": "cy.getDataCy('schedule-corner-cell').should(\"exist\");",
              "err": {},
              "uuid": "e404b881-8868-4c54-b496-716c191fb2dd",
              "parentUUID": "28b2b1ff-b6da-4aed-a401-cedc95150891",
              "isHook": false,
              "skipped": false
            },
            {
              "title": "Test week forward button",
              "fullTitle": "Schedule Page Check Test week forward button",
              "timedOut": null,
              "duration": 1088,
              "state": "passed",
              "speed": "fast",
              "pass": true,
              "fail": false,
              "pending": false,
              "context": null,
              "code": "cy.getDataCy('next-week-button').click();\ncy.getDataCy('schedule-corner-cell').should(\"exist\");",
              "err": {},
              "uuid": "a5c8aa3e-0057-47cc-a9bd-d246a17472ba",
              "parentUUID": "28b2b1ff-b6da-4aed-a401-cedc95150891",
              "isHook": false,
              "skipped": false
            },
            {
              "title": "Test week back button",
              "fullTitle": "Schedule Page Check Test week back button",
              "timedOut": null,
              "duration": 926,
              "state": "passed",
              "speed": "fast",
              "pass": true,
              "fail": false,
              "pending": false,
              "context": null,
              "code": "cy.getDataCy('prev-week-button').click();\ncy.getDataCy('schedule-corner-cell').should(\"exist\");",
              "err": {},
              "uuid": "46d33851-dec1-4aea-b8ef-7980ab85f8da",
              "parentUUID": "28b2b1ff-b6da-4aed-a401-cedc95150891",
              "isHook": false,
              "skipped": false
            }
          ],
          "suites": [],
          "passes": [
            "e404b881-8868-4c54-b496-716c191fb2dd",
            "a5c8aa3e-0057-47cc-a9bd-d246a17472ba",
            "46d33851-dec1-4aea-b8ef-7980ab85f8da"
          ],
          "failures": [],
          "pending": [],
          "skipped": [],
          "duration": 4480,
          "root": false,
          "rootEmpty": false,
          "_timeout": 2000
        }
      ],
      "passes": [],
      "failures": [],
      "pending": [],
      "skipped": [],
      "duration": 0,
      "root": true,
      "rootEmpty": true,
      "_timeout": 2000
    },
    {
      "uuid": "66e17c3d-efdd-4c10-8681-296c0f413ced",
      "title": "",
      "fullFile": "cypress/e2e/mvp-release/admin/OTM_01A_Dashboard.spec.cy.js",
      "file": "cypress/e2e/mvp-release/admin/OTM_01A_Dashboard.spec.cy.js",
      "beforeHooks": [],
      "afterHooks": [],
      "tests": [],
      "suites": [
        {
          "uuid": "0a62446c-8df3-4c99-b511-be73d2adf09e",
          "title": "Admin - Dashboard Check",
          "fullFile": "",
          "file": "",
          "beforeHooks": [],
          "afterHooks": [],
          "tests": [
            {
              "title": "Verify Dashboard page loads",
              "fullTitle": "Admin - Dashboard Check Verify Dashboard page loads",
              "timedOut": null,
              "duration": 2823,
              "state": "passed",
              "speed": "fast",
              "pass": true,
              "fail": false,
              "pending": false,
              "context": null,
              "code": "cy.getDataCy('dashboard-nav-link').should(\"exist\").click();\ncy.getDataCy('dashboard-add-user-button').should(\"exist\");",
              "err": {},
              "uuid": "bc3ff0bf-7c46-48d9-a620-9d93d6ff3a21",
              "parentUUID": "0a62446c-8df3-4c99-b511-be73d2adf09e",
              "isHook": false,
              "skipped": false
            },
            {
              "title": "Check Jobs tab",
              "fullTitle": "Admin - Dashboard Check Check Jobs tab",
              "timedOut": null,
              "duration": 6759,
              "state": "passed",
              "speed": "medium",
              "pass": true,
              "fail": false,
              "pending": false,
              "context": null,
              "code": "cy.intercept(\"POST\", \"**/fsApp/getJobs**\").as(\"getJobs\");\ncy.visit(\"/dashboard\");\ncy.getDataCy('dashboard-jobs-tab').should(\"exist\").click();\ncy.getDataCy('dashboard-add-job-button').should(\"exist\");\ncy.wait(\"@getJobs\").then(interception => {\n  expect(interception.response.statusCode).to.equal(200);\n});\ncy.intercept(\"POST\", \"**/fsApp/addJob**\").as(\"addJob\");\n/* ==== Generated with Cypress Studio ==== */\ncy.get('[data-cy=\"dashboard-add-job-button\"]').click();\ncy.get('#add-job-name').clear('T');\ncy.get('#add-job-name').type('Test Job');\ncy.get('[value=\"first\"]').click();\ncy.get('[value=\"second\"]').click();\ncy.get(':nth-child(5) > .w-\\\\.5').click();\ncy.get(':nth-child(6) > .min-h-min').click();\n/* ==== End Cypress Studio ==== */\ncy.wait(\"@addJob\").then(interception => {\n  expect(interception.response.statusCode).to.equal(200);\n});\ncy.intercept(\"POST\", \"**/fsApp/deleteJob**\").as(\"deleteJob\");\ncy.getDataCy('test-job').should(\"exist\").click();\ncy.getDataCy('delete-job-test-job-button').should(\"exist\").click();\ncy.getDataCy('confirm-delete-test-job-button').should(\"exist\").click();\ncy.wait(\"@deleteJob\").then(interception => {\n  expect(interception.response.statusCode).to.equal(200);\n});",
              "err": {},
              "uuid": "2503faff-8c67-41a4-8478-524535e18cdb",
              "parentUUID": "0a62446c-8df3-4c99-b511-be73d2adf09e",
              "isHook": false,
              "skipped": false
            },
            {
              "title": "Check Settings tab",
              "fullTitle": "Admin - Dashboard Check Check Settings tab",
              "timedOut": null,
              "duration": 2028,
              "state": "passed",
              "speed": "fast",
              "pass": true,
              "fail": false,
              "pending": false,
              "context": null,
              "code": "cy.visit(\"/dashboard\");\ncy.getDataCy('dashboard-settings-tab').should(\"exist\").click();\ncy.getDataCy('department-settings-table').should(\"exist\");",
              "err": {},
              "uuid": "bb79753a-2c84-4a81-8a64-67ca2b1ef3ec",
              "parentUUID": "0a62446c-8df3-4c99-b511-be73d2adf09e",
              "isHook": false,
              "skipped": false
            }
          ],
          "suites": [],
          "passes": [
            "bc3ff0bf-7c46-48d9-a620-9d93d6ff3a21",
            "2503faff-8c67-41a4-8478-524535e18cdb",
            "bb79753a-2c84-4a81-8a64-67ca2b1ef3ec"
          ],
          "failures": [],
          "pending": [],
          "skipped": [],
          "duration": 11610,
          "root": false,
          "rootEmpty": false,
          "_timeout": 2000
        }
      ],
      "passes": [],
      "failures": [],
      "pending": [],
      "skipped": [],
      "duration": 0,
      "root": true,
      "rootEmpty": true,
      "_timeout": 2000
    }
  ],
  "meta": {
    "mocha": {
      "version": "7.0.1"
    },
    "mochawesome": {
      "options": {
        "quiet": false,
        "reportFilename": "mochawesome",
        "saveHtml": false,
        "saveJson": true,
        "consoleReporter": "spec",
        "useInlineDiffs": false,
        "code": true
      },
      "version": "7.1.3"
    },
    "marge": {
      "options": {
        "id": "default",
        "reportDir": "cypress/report/mochawesome-report",
        "overwrite": false,
        "html": false,
        "json": true,
        "charts": true,
        "reportTitle": "OTM Test Report",
        "inline": false
      },
      "version": "6.2.0"
    }
  }
}