{
  "stats": {
    "suites": 1,
    "tests": 2,
    "passes": 0,
    "pending": 1,
    "failures": 1,
    "start": "2024-01-20T02:19:39.448Z",
    "end": "2024-01-20T02:19:53.482Z",
    "duration": 14034,
    "testsRegistered": 2,
    "passPercent": 0,
    "pendingPercent": 50,
    "other": 0,
    "hasOther": false,
    "skipped": 0,
    "hasSkipped": false
  },
  "results": [
    {
      "uuid": "2ddf46ec-da57-44d1-9523-320bea68e65c",
      "title": "",
      "fullFile": "cypress/e2e/mvp-release/OTM_002_Scedule.spec.cy.js",
      "file": "cypress/e2e/mvp-release/OTM_002_Scedule.spec.cy.js",
      "beforeHooks": [],
      "afterHooks": [],
      "tests": [],
      "suites": [
        {
          "uuid": "0058ee94-f072-46ca-a6c8-a78ee773f7f6",
          "title": "Schedule Page Check",
          "fullFile": "",
          "file": "",
          "beforeHooks": [],
          "afterHooks": [],
          "tests": [
            {
              "title": "Navigate to Schedule Page",
              "fullTitle": "Schedule Page Check Navigate to Schedule Page",
              "timedOut": null,
              "duration": 13998,
              "state": "failed",
              "speed": null,
              "pass": false,
              "fail": true,
              "pending": false,
              "context": null,
              "code": "cy.visit(\"/\");\ncy.get(\"Schedule\").should(\"exist\");",
              "err": {
                "message": "AssertionError: Timed out retrying after 12000ms: Expected to find element: `Schedule`, but never found it.",
                "estack": "AssertionError: Timed out retrying after 12000ms: Expected to find element: `Schedule`, but never found it.\n    at Context.eval (webpack://overtime-managment/./cypress/e2e/mvp-release/OTM_002_Scedule.spec.cy.js:6:23)",
                "diff": null
              },
              "uuid": "3ca7ab37-072f-493e-b539-7457b813cd16",
              "parentUUID": "0058ee94-f072-46ca-a6c8-a78ee773f7f6",
              "isHook": false,
              "skipped": false
            },
            {
              "title": "Invalid Login",
              "fullTitle": "Schedule Page Check Invalid Login",
              "timedOut": null,
              "duration": 0,
              "state": "pending",
              "speed": null,
              "pass": false,
              "fail": false,
              "pending": true,
              "context": null,
              "code": "cy.login(\"admin@otm.com\", \"WrongPassword\");\n// cy.url().should(\"include\", \"/dashboard\");",
              "err": {},
              "uuid": "4a9180b3-560e-48cb-8d51-64ac17636205",
              "parentUUID": "0058ee94-f072-46ca-a6c8-a78ee773f7f6",
              "isHook": false,
              "skipped": false
            }
          ],
          "suites": [],
          "passes": [],
          "failures": [
            "3ca7ab37-072f-493e-b539-7457b813cd16"
          ],
          "pending": [
            "4a9180b3-560e-48cb-8d51-64ac17636205"
          ],
          "skipped": [],
          "duration": 13998,
          "root": false,
          "rootEmpty": false,
          "_timeout": 2000
        }
      ],
      "passes": [],
      "failures": [],
      "pending": [],
      "skipped": [],
      "duration": 0,
      "root": true,
      "rootEmpty": true,
      "_timeout": 2000
    }
  ],
  "meta": {
    "mocha": {
      "version": "7.0.1"
    },
    "mochawesome": {
      "options": {
        "quiet": false,
        "reportFilename": "mochawesome",
        "saveHtml": false,
        "saveJson": true,
        "consoleReporter": "spec",
        "useInlineDiffs": false,
        "code": true
      },
      "version": "7.1.3"
    },
    "marge": {
      "options": {
        "id": "default",
        "reportDir": "./cypress/report/mochawesome-report",
        "overwrite": false,
        "html": false,
        "json": true,
        "charts": true,
        "reportTitle": "DCC Automation Test Report",
        "inline": false
      },
      "version": "6.2.0"
    }
  }
}