{
  "stats": {
    "suites": 1,
    "tests": 3,
    "passes": 3,
    "pending": 0,
    "failures": 0,
    "start": "2024-01-20T17:13:09.487Z",
    "end": "2024-01-20T17:13:14.018Z",
    "duration": 4531,
    "testsRegistered": 3,
    "passPercent": 100,
    "pendingPercent": 0,
    "other": 0,
    "hasOther": false,
    "skipped": 0,
    "hasSkipped": false
  },
  "results": [
    {
      "uuid": "fb2991d3-3423-4499-8930-366d5b104b37",
      "title": "",
      "fullFile": "cypress/e2e/mvp-release/OTM_001_Login.spec.cy.js",
      "file": "cypress/e2e/mvp-release/OTM_001_Login.spec.cy.js",
      "beforeHooks": [],
      "afterHooks": [],
      "tests": [],
      "suites": [
        {
          "uuid": "bb06073a-b17a-4f16-bc0f-d5c76f15cd6f",
          "title": "Authentication Checks",
          "fullFile": "",
          "file": "",
          "beforeHooks": [],
          "afterHooks": [],
          "tests": [
            {
              "title": "Valid Login",
              "fullTitle": "Authentication Checks Valid Login",
              "timedOut": null,
              "duration": 2733,
              "state": "passed",
              "speed": "fast",
              "pass": true,
              "fail": false,
              "pending": false,
              "context": null,
              "code": "cy.firebaseLogin();\n// Logout\ncy.logout();",
              "err": {},
              "uuid": "2c82afb4-39f3-4304-a0f2-7c4b84024dd3",
              "parentUUID": "bb06073a-b17a-4f16-bc0f-d5c76f15cd6f",
              "isHook": false,
              "skipped": false
            },
            {
              "title": "Test invalid password",
              "fullTitle": "Authentication Checks Test invalid password",
              "timedOut": null,
              "duration": 898,
              "state": "passed",
              "speed": "fast",
              "pass": true,
              "fail": false,
              "pending": false,
              "context": null,
              "code": "cy.visit(\"/\");\ncy.getDataCy('login-email').type(\"admin@otm.com\");\ncy.getDataCy('login-password').type(\"invalidpassword\");\ncy.getDataCy('login-button').click();\ncy.contains(\"wrong-password\");",
              "err": {},
              "uuid": "8a8a3e2e-6e83-402f-b303-0672a064e022",
              "parentUUID": "bb06073a-b17a-4f16-bc0f-d5c76f15cd6f",
              "isHook": false,
              "skipped": false
            },
            {
              "title": "Test invalid username",
              "fullTitle": "Authentication Checks Test invalid username",
              "timedOut": null,
              "duration": 834,
              "state": "passed",
              "speed": "fast",
              "pass": true,
              "fail": false,
              "pending": false,
              "context": null,
              "code": "cy.visit(\"/\");\ncy.getDataCy('login-email').type(\"admin@ota.com\");\ncy.getDataCy('login-password').type(\"invalidpassword\");\ncy.getDataCy('login-button').click();\ncy.contains(\"user-not-found\");",
              "err": {},
              "uuid": "ebb44790-a7b3-406d-a17b-95f5834dfb45",
              "parentUUID": "bb06073a-b17a-4f16-bc0f-d5c76f15cd6f",
              "isHook": false,
              "skipped": false
            }
          ],
          "suites": [],
          "passes": [
            "2c82afb4-39f3-4304-a0f2-7c4b84024dd3",
            "8a8a3e2e-6e83-402f-b303-0672a064e022",
            "ebb44790-a7b3-406d-a17b-95f5834dfb45"
          ],
          "failures": [],
          "pending": [],
          "skipped": [],
          "duration": 4465,
          "root": false,
          "rootEmpty": false,
          "_timeout": 2000
        }
      ],
      "passes": [],
      "failures": [],
      "pending": [],
      "skipped": [],
      "duration": 0,
      "root": true,
      "rootEmpty": true,
      "_timeout": 2000
    }
  ],
  "meta": {
    "mocha": {
      "version": "7.0.1"
    },
    "mochawesome": {
      "options": {
        "quiet": false,
        "reportFilename": "mochawesome",
        "saveHtml": false,
        "saveJson": true,
        "consoleReporter": "spec",
        "useInlineDiffs": false,
        "code": true
      },
      "version": "7.1.3"
    },
    "marge": {
      "options": {
        "id": "default",
        "reportDir": "./cypress/report/mochawesome-report",
        "overwrite": false,
        "html": false,
        "json": true,
        "charts": true,
        "reportTitle": "OTM Test Report",
        "inline": false
      },
      "version": "6.2.0"
    }
  }
}